This file contains any messages produced by compilers while
running configure, to aid debugging if configure makes a mistake.

It was created by alsa-utils configure 1.2.11, which was
generated by GNU Autoconf 2.72.  Invocation command line was

  $ ./configure --target=x86_64-buildroot-linux-gnu --host=x86_64-buildroot-linux-gnu --build=x86_64-pc-linux-gnu --prefix=/usr --exec-prefix=/usr --sysconfdir=/etc --localstatedir=/var --program-prefix= --disable-gtk-doc --disable-gtk-doc-html --disable-doc --disable-docs --disable-documentation --with-xmlto=no --with-fop=no --disable-dependency-tracking --enable-ipv6 --disable-nls --disable-static --enable-shared -q --disable-xmlto --disable-rst2man --with-curses=ncurses --disable-alsaloop --disable-bat

## --------- ##
## Platform. ##
## --------- ##

hostname = desktop
uname -m = x86_64
uname -r = 6.12.7-arch1-1
uname -s = Linux
uname -v = #1 SMP PREEMPT_DYNAMIC Fri, 27 Dec 2024 14:24:37 +0000

/usr/bin/uname -p = unknown
/bin/uname -X     = unknown

/bin/arch              = unknown
/usr/bin/arch -k       = unknown
/usr/convex/getsysinfo = unknown
/usr/bin/hostinfo      = unknown
/bin/machine           = unknown
/usr/bin/oslevel       = unknown
/bin/universe          = unknown

PATH: /home/jake/programming/repos/cuoc_cho_am/build/sw/vm/host/bin/
PATH: /home/jake/programming/repos/cuoc_cho_am/build/sw/vm/host/sbin/
PATH: /opt/xilinx/Vitis_HLS/2023.2/bin/
PATH: /opt/xilinx/Model_Composer/2023.2/bin/
PATH: /opt/xilinx/DocNav/
PATH: /opt/xilinx/Vivado/2023.2/bin/
PATH: /opt/xilinx/Vitis_HLS/2023.2/bin/
PATH: /opt/xilinx/Model_Composer/2023.2/bin/
PATH: /opt/xilinx/DocNav/
PATH: /opt/xilinx/Vivado/2023.2/bin/
PATH: /usr/local/sbin/
PATH: /usr/local/bin/
PATH: /usr/bin/
PATH: /usr/lib/jvm/default/bin/
PATH: /usr/bin/site_perl/
PATH: /usr/bin/vendor_perl/
PATH: /usr/bin/core_perl/
PATH: /home/jake/.local/bin/
PATH: /home/jake/programming/shell/
PATH: /home/jake/.local/bin/
PATH: /home/jake/programming/shell/


## ----------- ##
## Core tests. ##
## ----------- ##

configure:2648: looking for aux files: ltmain.sh config.guess config.sub compile config.rpath missing install-sh
configure:2661:  trying ./
configure:2690:   ./ltmain.sh found
configure:2690:   ./config.guess found
configure:2690:   ./config.sub found
configure:2690:   ./compile found
configure:2690:   ./config.rpath found
configure:2690:   ./missing found
configure:2672:   ./install-sh found
configure:2822: checking for a BSD-compatible install
configure:2896: result: /usr/bin/install -c
configure:2907: checking whether build environment is sane
configure:2962: result: yes
configure:3018: checking for x86_64-buildroot-linux-gnu-strip
configure:3051: result: /bin/true
configure:3123: checking for a race-free mkdir -p
configure:3166: result: /usr/bin/mkdir -p
configure:3173: checking for gawk
configure:3194: found /home/jake/programming/repos/cuoc_cho_am/build/sw/vm/host/bin/gawk
configure:3206: result: gawk
configure:3217: checking whether make sets $(MAKE)
configure:3241: result: yes
configure:3271: checking whether make supports nested variables
configure:3290: result: yes
configure:3428: checking whether to enable maintainer-specific portions of Makefiles
configure:3439: result: yes
configure:3453: checking for a sed that does not truncate output
configure:3525: result: /usr/bin/sed
configure:3531: checking whether NLS is requested
configure:3542: result: no
configure:3582: checking for msgfmt
configure: trying /home/jake/programming/repos/cuoc_cho_am/build/sw/vm/host/bin/msgfmt...
configure:3616: result: /home/jake/programming/repos/cuoc_cho_am/build/sw/vm/host/bin/msgfmt
configure:3625: checking for gmsgfmt
configure:3662: result: /home/jake/programming/repos/cuoc_cho_am/build/sw/vm/host/bin/msgfmt
configure:3707: checking for xgettext
configure: trying /home/jake/programming/repos/cuoc_cho_am/build/sw/vm/host/bin/xgettext...
configure:3741: result: /home/jake/programming/repos/cuoc_cho_am/build/sw/vm/host/bin/xgettext
configure:3786: checking for msgmerge
configure: trying /home/jake/programming/repos/cuoc_cho_am/build/sw/vm/host/bin/msgmerge...
configure:3819: result: /home/jake/programming/repos/cuoc_cho_am/build/sw/vm/host/bin/msgmerge
configure:3873: checking whether make supports the include directive
configure:3888: make -f confmf.GNU && cat confinc.out
make[5]: Entering directory '/home/jake/programming/repos/cuoc_cho_am/build/sw/vm/build/alsa-utils-1.2.11'
make[5]: Leaving directory '/home/jake/programming/repos/cuoc_cho_am/build/sw/vm/build/alsa-utils-1.2.11'
this is the am__doit target
configure:3891: $? = 0
configure:3910: result: yes (GNU style)
configure:3941: checking for x86_64-buildroot-linux-gnu-gcc
configure:3974: result: /home/jake/programming/repos/cuoc_cho_am/build/sw/vm/host/bin/x86_64-buildroot-linux-gnu-gcc
configure:4379: checking for C compiler version
configure:4388: /home/jake/programming/repos/cuoc_cho_am/build/sw/vm/host/bin/x86_64-buildroot-linux-gnu-gcc --version >&5
x86_64-buildroot-linux-gnu-gcc.br_real (Buildroot 2024.05.1-40-g50b13c9f86) 13.3.0
Copyright (C) 2023 Free Software Foundation, Inc.
This is free software; see the source for copying conditions.  There is NO
warranty; not even for MERCHANTABILITY or FITNESS FOR A PARTICULAR PURPOSE.

configure:4399: $? = 0
configure:4388: /home/jake/programming/repos/cuoc_cho_am/build/sw/vm/host/bin/x86_64-buildroot-linux-gnu-gcc -v >&5
Using built-in specs.
COLLECT_GCC=/home/jake/programming/repos/cuoc_cho_am/build/sw/vm/host/bin/x86_64-buildroot-linux-gnu-gcc.br_real
COLLECT_LTO_WRAPPER=/home/jake/programming/repos/cuoc_cho_am/build/sw/vm/host/libexec/gcc/x86_64-buildroot-linux-gnu/13.3.0/lto-wrapper
Target: x86_64-buildroot-linux-gnu
Configured with: ./configure --prefix=/home/jake/programming/repos/cuoc_cho_am/build/sw/vm/host --sysconfdir=/home/jake/programming/repos/cuoc_cho_am/build/sw/vm/host/etc --enable-static -q --target=x86_64-buildroot-linux-gnu --with-sysroot=/home/jake/programming/repos/cuoc_cho_am/build/sw/vm/host/x86_64-buildroot-linux-gnu/sysroot --enable-__cxa_atexit --with-gnu-ld --disable-libssp --disable-multilib --disable-decimal-float --enable-plugins --enable-lto --with-gmp=/home/jake/programming/repos/cuoc_cho_am/build/sw/vm/host --with-mpc=/home/jake/programming/repos/cuoc_cho_am/build/sw/vm/host --with-mpfr=/home/jake/programming/repos/cuoc_cho_am/build/sw/vm/host --with-pkgversion='Buildroot 2024.05.1-40-g50b13c9f86' --with-bugurl=http://bugs.buildroot.net/ --without-zstd --enable-libquadmath --enable-libquadmath-support --enable-tls --enable-threads --without-isl --without-cloog --with-arch=x86-64 --enable-languages=c,c++ --with-build-time-tools=/home/jake/programming/repos/cuoc_cho_am/build/sw/vm/host/x86_64-buildroot-linux-gnu/bin --enable-shared --disable-libgomp --silent
Thread model: posix
Supported LTO compression algorithms: zlib
gcc version 13.3.0 (Buildroot 2024.05.1-40-g50b13c9f86) 
COMPILER_PATH=/home/jake/programming/repos/cuoc_cho_am/build/sw/vm/host/libexec/gcc/x86_64-buildroot-linux-gnu/13.3.0/:/home/jake/programming/repos/cuoc_cho_am/build/sw/vm/host/libexec/gcc/x86_64-buildroot-linux-gnu/13.3.0/:/home/jake/programming/repos/cuoc_cho_am/build/sw/vm/host/libexec/gcc/x86_64-buildroot-linux-gnu/:/home/jake/programming/repos/cuoc_cho_am/build/sw/vm/host/lib/gcc/x86_64-buildroot-linux-gnu/13.3.0/:/home/jake/programming/repos/cuoc_cho_am/build/sw/vm/host/lib/gcc/x86_64-buildroot-linux-gnu/:/home/jake/programming/repos/cuoc_cho_am/build/sw/vm/host/lib/gcc/x86_64-buildroot-linux-gnu/13.3.0/../../../../x86_64-buildroot-linux-gnu/bin/
LIBRARY_PATH=/home/jake/programming/repos/cuoc_cho_am/build/sw/vm/host/lib/gcc/x86_64-buildroot-linux-gnu/13.3.0/:/home/jake/programming/repos/cuoc_cho_am/build/sw/vm/host/lib/gcc/x86_64-buildroot-linux-gnu/13.3.0/../../../../x86_64-buildroot-linux-gnu/lib/../lib64/:/home/jake/programming/repos/cuoc_cho_am/build/sw/vm/host/x86_64-buildroot-linux-gnu/sysroot/lib/../lib64/:/home/jake/programming/repos/cuoc_cho_am/build/sw/vm/host/x86_64-buildroot-linux-gnu/sysroot/usr/lib/../lib64/:/home/jake/programming/repos/cuoc_cho_am/build/sw/vm/host/lib/gcc/x86_64-buildroot-linux-gnu/13.3.0/../../../../x86_64-buildroot-linux-gnu/lib/:/home/jake/programming/repos/cuoc_cho_am/build/sw/vm/host/x86_64-buildroot-linux-gnu/sysroot/lib/:/home/jake/programming/repos/cuoc_cho_am/build/sw/vm/host/x86_64-buildroot-linux-gnu/sysroot/usr/lib/
... rest of stderr output deleted ...
configure:4399: $? = 1
configure:4388: /home/jake/programming/repos/cuoc_cho_am/build/sw/vm/host/bin/x86_64-buildroot-linux-gnu-gcc -V >&5
x86_64-buildroot-linux-gnu-gcc.br_real: error: unrecognized command-line option '-V'
configure:4399: $? = 1
configure:4388: /home/jake/programming/repos/cuoc_cho_am/build/sw/vm/host/bin/x86_64-buildroot-linux-gnu-gcc -qversion >&5
x86_64-buildroot-linux-gnu-gcc.br_real: error: unrecognized command-line option '-qversion'; did you mean '--version'?
configure:4399: $? = 1
configure:4388: /home/jake/programming/repos/cuoc_cho_am/build/sw/vm/host/bin/x86_64-buildroot-linux-gnu-gcc -version >&5
x86_64-buildroot-linux-gnu-gcc.br_real: error: unrecognized command-line option '-version'
configure:4399: $? = 1
configure:4419: checking whether the C compiler works
configure:4441: /home/jake/programming/repos/cuoc_cho_am/build/sw/vm/host/bin/x86_64-buildroot-linux-gnu-gcc -D_LARGEFILE_SOURCE -D_LARGEFILE64_SOURCE -D_FILE_OFFSET_BITS=64  -Og -g2 -D_FORTIFY_SOURCE=1 -D_LARGEFILE_SOURCE -D_LARGEFILE64_SOURCE -D_FILE_OFFSET_BITS=64  conftest.c  >&5
configure:4445: $? = 0
configure:4496: result: yes
configure:4500: checking for C compiler default output file name
configure:4502: result: a.out
configure:4508: checking for suffix of executables
configure:4515: /home/jake/programming/repos/cuoc_cho_am/build/sw/vm/host/bin/x86_64-buildroot-linux-gnu-gcc -o conftest -D_LARGEFILE_SOURCE -D_LARGEFILE64_SOURCE -D_FILE_OFFSET_BITS=64  -Og -g2 -D_FORTIFY_SOURCE=1 -D_LARGEFILE_SOURCE -D_LARGEFILE64_SOURCE -D_FILE_OFFSET_BITS=64  conftest.c  >&5
configure:4519: $? = 0
configure:4543: result: 
configure:4567: checking whether we are cross compiling
configure:4605: result: yes
configure:4611: checking for suffix of object files
configure:4634: /home/jake/programming/repos/cuoc_cho_am/build/sw/vm/host/bin/x86_64-buildroot-linux-gnu-gcc -c -D_LARGEFILE_SOURCE -D_LARGEFILE64_SOURCE -D_FILE_OFFSET_BITS=64  -Og -g2 -D_FORTIFY_SOURCE=1 -D_LARGEFILE_SOURCE -D_LARGEFILE64_SOURCE -D_FILE_OFFSET_BITS=64 conftest.c >&5
configure:4638: $? = 0
configure:4662: result: o
configure:4666: checking whether the compiler supports GNU C
configure:4686: /home/jake/programming/repos/cuoc_cho_am/build/sw/vm/host/bin/x86_64-buildroot-linux-gnu-gcc -c -D_LARGEFILE_SOURCE -D_LARGEFILE64_SOURCE -D_FILE_OFFSET_BITS=64  -Og -g2 -D_FORTIFY_SOURCE=1 -D_LARGEFILE_SOURCE -D_LARGEFILE64_SOURCE -D_FILE_OFFSET_BITS=64 conftest.c >&5
configure:4686: $? = 0
configure:4698: result: yes
configure:4709: checking whether /home/jake/programming/repos/cuoc_cho_am/build/sw/vm/host/bin/x86_64-buildroot-linux-gnu-gcc accepts -g
configure:4730: /home/jake/programming/repos/cuoc_cho_am/build/sw/vm/host/bin/x86_64-buildroot-linux-gnu-gcc -c -g -D_LARGEFILE_SOURCE -D_LARGEFILE64_SOURCE -D_FILE_OFFSET_BITS=64 conftest.c >&5
configure:4730: $? = 0
configure:4777: result: yes
configure:4797: checking for /home/jake/programming/repos/cuoc_cho_am/build/sw/vm/host/bin/x86_64-buildroot-linux-gnu-gcc option to enable C11 features
configure:4812: /home/jake/programming/repos/cuoc_cho_am/build/sw/vm/host/bin/x86_64-buildroot-linux-gnu-gcc  -c -D_LARGEFILE_SOURCE -D_LARGEFILE64_SOURCE -D_FILE_OFFSET_BITS=64  -Og -g2 -D_FORTIFY_SOURCE=1 -D_LARGEFILE_SOURCE -D_LARGEFILE64_SOURCE -D_FILE_OFFSET_BITS=64 conftest.c >&5
configure:4812: $? = 0
configure:4831: result: none needed
configure:4955: checking whether /home/jake/programming/repos/cuoc_cho_am/build/sw/vm/host/bin/x86_64-buildroot-linux-gnu-gcc understands -c and -o together
configure:4978: /home/jake/programming/repos/cuoc_cho_am/build/sw/vm/host/bin/x86_64-buildroot-linux-gnu-gcc -c conftest.c -o conftest2.o
configure:4981: $? = 0
configure:4978: /home/jake/programming/repos/cuoc_cho_am/build/sw/vm/host/bin/x86_64-buildroot-linux-gnu-gcc -c conftest.c -o conftest2.o
configure:4981: $? = 0
configure:4994: result: yes
configure:5013: checking dependency style of /home/jake/programming/repos/cuoc_cho_am/build/sw/vm/host/bin/x86_64-buildroot-linux-gnu-gcc
configure:5126: result: none
configure:5147: checking build system type
configure:5163: result: x86_64-pc-linux-gnu
configure:5183: checking host system type
configure:5198: result: x86_64-buildroot-linux-gnu
configure:5244: checking for ld
configure:5377: result: /home/jake/programming/repos/cuoc_cho_am/build/sw/vm/host/bin/x86_64-buildroot-linux-gnu-ld
configure:5384: checking if the linker (/home/jake/programming/repos/cuoc_cho_am/build/sw/vm/host/bin/x86_64-buildroot-linux-gnu-ld) is GNU ld
configure:5401: result: yes
configure:5409: checking for shared library run path origin
configure:5424: result: done
configure:5447: checking 32-bit host C ABI
configure:5514: /home/jake/programming/repos/cuoc_cho_am/build/sw/vm/host/bin/x86_64-buildroot-linux-gnu-gcc -c -D_LARGEFILE_SOURCE -D_LARGEFILE64_SOURCE -D_FILE_OFFSET_BITS=64  -Og -g2 -D_FORTIFY_SOURCE=1 -D_LARGEFILE_SOURCE -D_LARGEFILE64_SOURCE -D_FILE_OFFSET_BITS=64 conftest.c >&5
configure:5514: $? = 0
configure:5720: result: no
configure:5730: checking how to run the C preprocessor
configure:5801: result: /home/jake/programming/repos/cuoc_cho_am/build/sw/vm/host/bin/x86_64-buildroot-linux-gnu-cpp
configure:5815: /home/jake/programming/repos/cuoc_cho_am/build/sw/vm/host/bin/x86_64-buildroot-linux-gnu-cpp -D_LARGEFILE_SOURCE -D_LARGEFILE64_SOURCE -D_FILE_OFFSET_BITS=64 conftest.c
configure:5815: $? = 0
configure:5831: /home/jake/programming/repos/cuoc_cho_am/build/sw/vm/host/bin/x86_64-buildroot-linux-gnu-cpp -D_LARGEFILE_SOURCE -D_LARGEFILE64_SOURCE -D_FILE_OFFSET_BITS=64 conftest.c
conftest.c:11:10: fatal error: ac_nonexistent.h: No such file or directory
   11 | #include <ac_nonexistent.h>
      |          ^~~~~~~~~~~~~~~~~~
compilation terminated.
configure:5831: $? = 1
configure: failed program was:
| /* confdefs.h */
| #define PACKAGE_NAME "alsa-utils"
| #define PACKAGE_TARNAME "alsa-utils"
| #define PACKAGE_VERSION "1.2.11"
| #define PACKAGE_STRING "alsa-utils 1.2.11"
| #define PACKAGE_BUGREPORT ""
| #define PACKAGE_URL ""
| #define PACKAGE "alsa-utils"
| #define VERSION "1.2.11"
| /* end confdefs.h.  */
| #include <ac_nonexistent.h>
configure:5864: checking for egrep -e
configure:5994: result: /usr/bin/grep -E
configure:6002: checking for ELF binary format
configure:6028: result: yes
configure:6077: checking for the common suffixes of directories in the library search path
configure:6147: result: lib,lib,lib64
configure:6665: checking for CFPreferencesCopyAppValue
configure:6684: /home/jake/programming/repos/cuoc_cho_am/build/sw/vm/host/bin/x86_64-buildroot-linux-gnu-gcc -o conftest -D_LARGEFILE_SOURCE -D_LARGEFILE64_SOURCE -D_FILE_OFFSET_BITS=64  -Og -g2 -D_FORTIFY_SOURCE=1 -D_LARGEFILE_SOURCE -D_LARGEFILE64_SOURCE -D_FILE_OFFSET_BITS=64  conftest.c  -Wl,-framework -Wl,CoreFoundation >&5
conftest.c:11:10: fatal error: CoreFoundation/CFPreferences.h: No such file or directory
   11 | #include <CoreFoundation/CFPreferences.h>
      |          ^~~~~~~~~~~~~~~~~~~~~~~~~~~~~~~~
compilation terminated.
configure:6684: $? = 1
configure: failed program was:
| /* confdefs.h */
| #define PACKAGE_NAME "alsa-utils"
| #define PACKAGE_TARNAME "alsa-utils"
| #define PACKAGE_VERSION "1.2.11"
| #define PACKAGE_STRING "alsa-utils 1.2.11"
| #define PACKAGE_BUGREPORT ""
| #define PACKAGE_URL ""
| #define PACKAGE "alsa-utils"
| #define VERSION "1.2.11"
| /* end confdefs.h.  */
| #include <CoreFoundation/CFPreferences.h>
| int
| main (void)
| {
| CFPreferencesCopyAppValue(NULL, NULL)
|   ;
|   return 0;
| }
configure:6696: result: no
configure:6703: checking for CFLocaleCopyPreferredLanguages
configure:6722: /home/jake/programming/repos/cuoc_cho_am/build/sw/vm/host/bin/x86_64-buildroot-linux-gnu-gcc -o conftest -D_LARGEFILE_SOURCE -D_LARGEFILE64_SOURCE -D_FILE_OFFSET_BITS=64  -Og -g2 -D_FORTIFY_SOURCE=1 -D_LARGEFILE_SOURCE -D_LARGEFILE64_SOURCE -D_FILE_OFFSET_BITS=64  conftest.c  -Wl,-framework -Wl,CoreFoundation >&5
conftest.c:11:10: fatal error: CoreFoundation/CFLocale.h: No such file or directory
   11 | #include <CoreFoundation/CFLocale.h>
      |          ^~~~~~~~~~~~~~~~~~~~~~~~~~~
compilation terminated.
configure:6722: $? = 1
configure: failed program was:
| /* confdefs.h */
| #define PACKAGE_NAME "alsa-utils"
| #define PACKAGE_TARNAME "alsa-utils"
| #define PACKAGE_VERSION "1.2.11"
| #define PACKAGE_STRING "alsa-utils 1.2.11"
| #define PACKAGE_BUGREPORT ""
| #define PACKAGE_URL ""
| #define PACKAGE "alsa-utils"
| #define VERSION "1.2.11"
| /* end confdefs.h.  */
| #include <CoreFoundation/CFLocale.h>
| int
| main (void)
| {
| CFLocaleCopyPreferredLanguages();
|   ;
|   return 0;
| }
configure:6734: result: no
configure:7722: checking whether to use NLS
configure:7724: result: no
configure:7806: checking for x86_64-buildroot-linux-gnu-gcc
configure:7839: result: /home/jake/programming/repos/cuoc_cho_am/build/sw/vm/host/bin/x86_64-buildroot-linux-gnu-gcc
configure:8244: checking for C compiler version
configure:8253: /home/jake/programming/repos/cuoc_cho_am/build/sw/vm/host/bin/x86_64-buildroot-linux-gnu-gcc --version >&5
x86_64-buildroot-linux-gnu-gcc.br_real (Buildroot 2024.05.1-40-g50b13c9f86) 13.3.0
Copyright (C) 2023 Free Software Foundation, Inc.
This is free software; see the source for copying conditions.  There is NO
warranty; not even for MERCHANTABILITY or FITNESS FOR A PARTICULAR PURPOSE.

configure:8264: $? = 0
configure:8253: /home/jake/programming/repos/cuoc_cho_am/build/sw/vm/host/bin/x86_64-buildroot-linux-gnu-gcc -v >&5
Using built-in specs.
COLLECT_GCC=/home/jake/programming/repos/cuoc_cho_am/build/sw/vm/host/bin/x86_64-buildroot-linux-gnu-gcc.br_real
COLLECT_LTO_WRAPPER=/home/jake/programming/repos/cuoc_cho_am/build/sw/vm/host/libexec/gcc/x86_64-buildroot-linux-gnu/13.3.0/lto-wrapper
Target: x86_64-buildroot-linux-gnu
Configured with: ./configure --prefix=/home/jake/programming/repos/cuoc_cho_am/build/sw/vm/host --sysconfdir=/home/jake/programming/repos/cuoc_cho_am/build/sw/vm/host/etc --enable-static -q --target=x86_64-buildroot-linux-gnu --with-sysroot=/home/jake/programming/repos/cuoc_cho_am/build/sw/vm/host/x86_64-buildroot-linux-gnu/sysroot --enable-__cxa_atexit --with-gnu-ld --disable-libssp --disable-multilib --disable-decimal-float --enable-plugins --enable-lto --with-gmp=/home/jake/programming/repos/cuoc_cho_am/build/sw/vm/host --with-mpc=/home/jake/programming/repos/cuoc_cho_am/build/sw/vm/host --with-mpfr=/home/jake/programming/repos/cuoc_cho_am/build/sw/vm/host --with-pkgversion='Buildroot 2024.05.1-40-g50b13c9f86' --with-bugurl=http://bugs.buildroot.net/ --without-zstd --enable-libquadmath --enable-libquadmath-support --enable-tls --enable-threads --without-isl --without-cloog --with-arch=x86-64 --enable-languages=c,c++ --with-build-time-tools=/home/jake/programming/repos/cuoc_cho_am/build/sw/vm/host/x86_64-buildroot-linux-gnu/bin --enable-shared --disable-libgomp --silent
Thread model: posix
Supported LTO compression algorithms: zlib
gcc version 13.3.0 (Buildroot 2024.05.1-40-g50b13c9f86) 
COMPILER_PATH=/home/jake/programming/repos/cuoc_cho_am/build/sw/vm/host/libexec/gcc/x86_64-buildroot-linux-gnu/13.3.0/:/home/jake/programming/repos/cuoc_cho_am/build/sw/vm/host/libexec/gcc/x86_64-buildroot-linux-gnu/13.3.0/:/home/jake/programming/repos/cuoc_cho_am/build/sw/vm/host/libexec/gcc/x86_64-buildroot-linux-gnu/:/home/jake/programming/repos/cuoc_cho_am/build/sw/vm/host/lib/gcc/x86_64-buildroot-linux-gnu/13.3.0/:/home/jake/programming/repos/cuoc_cho_am/build/sw/vm/host/lib/gcc/x86_64-buildroot-linux-gnu/:/home/jake/programming/repos/cuoc_cho_am/build/sw/vm/host/lib/gcc/x86_64-buildroot-linux-gnu/13.3.0/../../../../x86_64-buildroot-linux-gnu/bin/
LIBRARY_PATH=/home/jake/programming/repos/cuoc_cho_am/build/sw/vm/host/lib/gcc/x86_64-buildroot-linux-gnu/13.3.0/:/home/jake/programming/repos/cuoc_cho_am/build/sw/vm/host/lib/gcc/x86_64-buildroot-linux-gnu/13.3.0/../../../../x86_64-buildroot-linux-gnu/lib/../lib64/:/home/jake/programming/repos/cuoc_cho_am/build/sw/vm/host/x86_64-buildroot-linux-gnu/sysroot/lib/../lib64/:/home/jake/programming/repos/cuoc_cho_am/build/sw/vm/host/x86_64-buildroot-linux-gnu/sysroot/usr/lib/../lib64/:/home/jake/programming/repos/cuoc_cho_am/build/sw/vm/host/lib/gcc/x86_64-buildroot-linux-gnu/13.3.0/../../../../x86_64-buildroot-linux-gnu/lib/:/home/jake/programming/repos/cuoc_cho_am/build/sw/vm/host/x86_64-buildroot-linux-gnu/sysroot/lib/:/home/jake/programming/repos/cuoc_cho_am/build/sw/vm/host/x86_64-buildroot-linux-gnu/sysroot/usr/lib/
... rest of stderr output deleted ...
configure:8264: $? = 1
configure:8253: /home/jake/programming/repos/cuoc_cho_am/build/sw/vm/host/bin/x86_64-buildroot-linux-gnu-gcc -V >&5
x86_64-buildroot-linux-gnu-gcc.br_real: error: unrecognized command-line option '-V'
configure:8264: $? = 1
configure:8253: /home/jake/programming/repos/cuoc_cho_am/build/sw/vm/host/bin/x86_64-buildroot-linux-gnu-gcc -qversion >&5
x86_64-buildroot-linux-gnu-gcc.br_real: error: unrecognized command-line option '-qversion'; did you mean '--version'?
configure:8264: $? = 1
configure:8253: /home/jake/programming/repos/cuoc_cho_am/build/sw/vm/host/bin/x86_64-buildroot-linux-gnu-gcc -version >&5
x86_64-buildroot-linux-gnu-gcc.br_real: error: unrecognized command-line option '-version'
configure:8264: $? = 1
configure:8268: checking whether the compiler supports GNU C
configure:8300: result: yes
configure:8311: checking whether /home/jake/programming/repos/cuoc_cho_am/build/sw/vm/host/bin/x86_64-buildroot-linux-gnu-gcc accepts -g
configure:8379: result: yes
configure:8399: checking for /home/jake/programming/repos/cuoc_cho_am/build/sw/vm/host/bin/x86_64-buildroot-linux-gnu-gcc option to enable C11 features
configure:8433: result: none needed
configure:8557: checking whether /home/jake/programming/repos/cuoc_cho_am/build/sw/vm/host/bin/x86_64-buildroot-linux-gnu-gcc understands -c and -o together
configure:8596: result: yes
configure:8615: checking dependency style of /home/jake/programming/repos/cuoc_cho_am/build/sw/vm/host/bin/x86_64-buildroot-linux-gnu-gcc
configure:8728: result: none
configure:8745: checking whether ln -s works
configure:8749: result: yes
configure:8756: checking for a sed that does not truncate output
configure:8828: result: /usr/bin/sed
configure:8913: checking how to print strings
configure:8940: result: printf
configure:8961: checking for a sed that does not truncate output
configure:9033: result: /usr/bin/sed
configure:9051: checking for grep that handles long lines and -e
configure:9117: result: /usr/bin/grep
configure:9122: checking for egrep
configure:9192: result: /usr/bin/grep -E
configure:9199: checking for fgrep
configure:9269: result: /usr/bin/grep -F
configure:9306: checking for ld used by /home/jake/programming/repos/cuoc_cho_am/build/sw/vm/host/bin/x86_64-buildroot-linux-gnu-gcc
configure:9375: result: /home/jake/programming/repos/cuoc_cho_am/build/sw/vm/host/bin/x86_64-buildroot-linux-gnu-ld
configure:9382: checking if the linker (/home/jake/programming/repos/cuoc_cho_am/build/sw/vm/host/bin/x86_64-buildroot-linux-gnu-ld) is GNU ld
configure:9399: result: yes
configure:9411: checking for BSD- or MS-compatible name lister (nm)
configure:9467: result: /home/jake/programming/repos/cuoc_cho_am/build/sw/vm/host/bin/x86_64-buildroot-linux-gnu-gcc-nm
configure:9609: checking the name lister (/home/jake/programming/repos/cuoc_cho_am/build/sw/vm/host/bin/x86_64-buildroot-linux-gnu-gcc-nm) interface
configure:9617: /home/jake/programming/repos/cuoc_cho_am/build/sw/vm/host/bin/x86_64-buildroot-linux-gnu-gcc -c -D_LARGEFILE_SOURCE -D_LARGEFILE64_SOURCE -D_FILE_OFFSET_BITS=64  -Og -g2 -D_FORTIFY_SOURCE=1 -D_LARGEFILE_SOURCE -D_LARGEFILE64_SOURCE -D_FILE_OFFSET_BITS=64 conftest.c >&5
configure:9620: /home/jake/programming/repos/cuoc_cho_am/build/sw/vm/host/bin/x86_64-buildroot-linux-gnu-gcc-nm "conftest.o"
configure:9623: output
0000000000000000 B some_variable
configure:9631: result: BSD nm
configure:9635: checking the maximum length of command line arguments
configure:9768: result: 1572864
configure:9816: checking how to convert x86_64-pc-linux-gnu file names to x86_64-buildroot-linux-gnu format
configure:9858: result: func_convert_file_noop
configure:9865: checking how to convert x86_64-pc-linux-gnu file names to toolchain format
configure:9887: result: func_convert_file_noop
configure:9894: checking for /home/jake/programming/repos/cuoc_cho_am/build/sw/vm/host/bin/x86_64-buildroot-linux-gnu-ld option to reload object files
configure:9903: result: -r
configure:9937: checking for x86_64-buildroot-linux-gnu-objdump
configure:9970: result: /home/jake/programming/repos/cuoc_cho_am/build/sw/vm/host/bin/x86_64-buildroot-linux-gnu-objdump
configure:10048: checking how to recognize dependent libraries
configure:10250: result: pass_all
configure:10295: checking for x86_64-buildroot-linux-gnu-dlltool
configure:10331: result: no
configure:10341: checking for dlltool
configure:10377: result: no
configure:10407: checking how to associate runtime and link libraries
configure:10436: result: printf %s\n
configure:10452: checking for x86_64-buildroot-linux-gnu-ar
configure:10485: result: /home/jake/programming/repos/cuoc_cho_am/build/sw/vm/host/bin/x86_64-buildroot-linux-gnu-gcc-ar
configure:10572: checking for archiver @FILE support
configure:10590: /home/jake/programming/repos/cuoc_cho_am/build/sw/vm/host/bin/x86_64-buildroot-linux-gnu-gcc -c -D_LARGEFILE_SOURCE -D_LARGEFILE64_SOURCE -D_FILE_OFFSET_BITS=64  -Og -g2 -D_FORTIFY_SOURCE=1 -D_LARGEFILE_SOURCE -D_LARGEFILE64_SOURCE -D_FILE_OFFSET_BITS=64 conftest.c >&5
configure:10590: $? = 0
configure:10594: /home/jake/programming/repos/cuoc_cho_am/build/sw/vm/host/bin/x86_64-buildroot-linux-gnu-gcc-ar cru libconftest.a @conftest.lst >&5
configure:10597: $? = 0
configure:10602: /home/jake/programming/repos/cuoc_cho_am/build/sw/vm/host/bin/x86_64-buildroot-linux-gnu-gcc-ar cru libconftest.a @conftest.lst >&5
/home/jake/programming/repos/cuoc_cho_am/build/sw/vm/host/lib/gcc/x86_64-buildroot-linux-gnu/13.3.0/../../../../x86_64-buildroot-linux-gnu/bin/ar: conftest.o: No such file or directory
configure:10605: $? = 1
configure:10618: result: @
configure:10636: checking for x86_64-buildroot-linux-gnu-strip
configure:10669: result: /bin/true
configure:10747: checking for x86_64-buildroot-linux-gnu-ranlib
configure:10780: result: /home/jake/programming/repos/cuoc_cho_am/build/sw/vm/host/bin/x86_64-buildroot-linux-gnu-gcc-ranlib
configure:10928: checking command to parse /home/jake/programming/repos/cuoc_cho_am/build/sw/vm/host/bin/x86_64-buildroot-linux-gnu-gcc-nm output from /home/jake/programming/repos/cuoc_cho_am/build/sw/vm/host/bin/x86_64-buildroot-linux-gnu-gcc object
configure:11082: /home/jake/programming/repos/cuoc_cho_am/build/sw/vm/host/bin/x86_64-buildroot-linux-gnu-gcc -c -D_LARGEFILE_SOURCE -D_LARGEFILE64_SOURCE -D_FILE_OFFSET_BITS=64  -Og -g2 -D_FORTIFY_SOURCE=1 -D_LARGEFILE_SOURCE -D_LARGEFILE64_SOURCE -D_FILE_OFFSET_BITS=64 conftest.c >&5
configure:11085: $? = 0
configure:11089: /home/jake/programming/repos/cuoc_cho_am/build/sw/vm/host/bin/x86_64-buildroot-linux-gnu-gcc-nm conftest.o \| sed -n -e 's/^.*[ ]\([ABCDGIRSTW][ABCDGIRSTW]*\)[ ][ ]*\([_A-Za-z][_A-Za-z0-9]*\)$/\1 \2 \2/p' | sed '/ __gnu_lto/d' \> conftest.nm
configure:11092: $? = 0
configure:11158: /home/jake/programming/repos/cuoc_cho_am/build/sw/vm/host/bin/x86_64-buildroot-linux-gnu-gcc -o conftest -D_LARGEFILE_SOURCE -D_LARGEFILE64_SOURCE -D_FILE_OFFSET_BITS=64  -Og -g2 -D_FORTIFY_SOURCE=1 -D_LARGEFILE_SOURCE -D_LARGEFILE64_SOURCE -D_FILE_OFFSET_BITS=64  conftest.c conftstm.o >&5
configure:11161: $? = 0
configure:11200: result: ok
configure:11247: checking for sysroot
configure:11279: result: no
configure:11286: checking for a working dd
configure:11331: result: /usr/bin/dd
configure:11335: checking how to truncate binary pipes
configure:11352: result: /usr/bin/dd bs=4096 count=1
configure:11489: /home/jake/programming/repos/cuoc_cho_am/build/sw/vm/host/bin/x86_64-buildroot-linux-gnu-gcc -c -D_LARGEFILE_SOURCE -D_LARGEFILE64_SOURCE -D_FILE_OFFSET_BITS=64  -Og -g2 -D_FORTIFY_SOURCE=1 -D_LARGEFILE_SOURCE -D_LARGEFILE64_SOURCE -D_FILE_OFFSET_BITS=64 conftest.c >&5
configure:11492: $? = 0
configure:11646: checking for x86_64-buildroot-linux-gnu-mt
configure:11682: result: no
configure:11692: checking for mt
configure:11728: result: no
configure:11748: checking if : is a manifest tool
configure:11755: : '-?'
configure:11764: result: no
configure:12508: checking for stdio.h
configure:12508: /home/jake/programming/repos/cuoc_cho_am/build/sw/vm/host/bin/x86_64-buildroot-linux-gnu-gcc -c -D_LARGEFILE_SOURCE -D_LARGEFILE64_SOURCE -D_FILE_OFFSET_BITS=64  -Og -g2 -D_FORTIFY_SOURCE=1 -D_LARGEFILE_SOURCE -D_LARGEFILE64_SOURCE -D_FILE_OFFSET_BITS=64 conftest.c >&5
configure:12508: $? = 0
configure:12508: result: yes
configure:12508: checking for stdlib.h
configure:12508: /home/jake/programming/repos/cuoc_cho_am/build/sw/vm/host/bin/x86_64-buildroot-linux-gnu-gcc -c -D_LARGEFILE_SOURCE -D_LARGEFILE64_SOURCE -D_FILE_OFFSET_BITS=64  -Og -g2 -D_FORTIFY_SOURCE=1 -D_LARGEFILE_SOURCE -D_LARGEFILE64_SOURCE -D_FILE_OFFSET_BITS=64 conftest.c >&5
configure:12508: $? = 0
configure:12508: result: yes
configure:12508: checking for string.h
configure:12508: /home/jake/programming/repos/cuoc_cho_am/build/sw/vm/host/bin/x86_64-buildroot-linux-gnu-gcc -c -D_LARGEFILE_SOURCE -D_LARGEFILE64_SOURCE -D_FILE_OFFSET_BITS=64  -Og -g2 -D_FORTIFY_SOURCE=1 -D_LARGEFILE_SOURCE -D_LARGEFILE64_SOURCE -D_FILE_OFFSET_BITS=64 conftest.c >&5
configure:12508: $? = 0
configure:12508: result: yes
configure:12508: checking for inttypes.h
configure:12508: /home/jake/programming/repos/cuoc_cho_am/build/sw/vm/host/bin/x86_64-buildroot-linux-gnu-gcc -c -D_LARGEFILE_SOURCE -D_LARGEFILE64_SOURCE -D_FILE_OFFSET_BITS=64  -Og -g2 -D_FORTIFY_SOURCE=1 -D_LARGEFILE_SOURCE -D_LARGEFILE64_SOURCE -D_FILE_OFFSET_BITS=64 conftest.c >&5
configure:12508: $? = 0
configure:12508: result: yes
configure:12508: checking for stdint.h
configure:12508: /home/jake/programming/repos/cuoc_cho_am/build/sw/vm/host/bin/x86_64-buildroot-linux-gnu-gcc -c -D_LARGEFILE_SOURCE -D_LARGEFILE64_SOURCE -D_FILE_OFFSET_BITS=64  -Og -g2 -D_FORTIFY_SOURCE=1 -D_LARGEFILE_SOURCE -D_LARGEFILE64_SOURCE -D_FILE_OFFSET_BITS=64 conftest.c >&5
configure:12508: $? = 0
configure:12508: result: yes
configure:12508: checking for strings.h
configure:12508: /home/jake/programming/repos/cuoc_cho_am/build/sw/vm/host/bin/x86_64-buildroot-linux-gnu-gcc -c -D_LARGEFILE_SOURCE -D_LARGEFILE64_SOURCE -D_FILE_OFFSET_BITS=64  -Og -g2 -D_FORTIFY_SOURCE=1 -D_LARGEFILE_SOURCE -D_LARGEFILE64_SOURCE -D_FILE_OFFSET_BITS=64 conftest.c >&5
configure:12508: $? = 0
configure:12508: result: yes
configure:12508: checking for sys/stat.h
configure:12508: /home/jake/programming/repos/cuoc_cho_am/build/sw/vm/host/bin/x86_64-buildroot-linux-gnu-gcc -c -D_LARGEFILE_SOURCE -D_LARGEFILE64_SOURCE -D_FILE_OFFSET_BITS=64  -Og -g2 -D_FORTIFY_SOURCE=1 -D_LARGEFILE_SOURCE -D_LARGEFILE64_SOURCE -D_FILE_OFFSET_BITS=64 conftest.c >&5
configure:12508: $? = 0
configure:12508: result: yes
configure:12508: checking for sys/types.h
configure:12508: /home/jake/programming/repos/cuoc_cho_am/build/sw/vm/host/bin/x86_64-buildroot-linux-gnu-gcc -c -D_LARGEFILE_SOURCE -D_LARGEFILE64_SOURCE -D_FILE_OFFSET_BITS=64  -Og -g2 -D_FORTIFY_SOURCE=1 -D_LARGEFILE_SOURCE -D_LARGEFILE64_SOURCE -D_FILE_OFFSET_BITS=64 conftest.c >&5
configure:12508: $? = 0
configure:12508: result: yes
configure:12508: checking for unistd.h
configure:12508: /home/jake/programming/repos/cuoc_cho_am/build/sw/vm/host/bin/x86_64-buildroot-linux-gnu-gcc -c -D_LARGEFILE_SOURCE -D_LARGEFILE64_SOURCE -D_FILE_OFFSET_BITS=64  -Og -g2 -D_FORTIFY_SOURCE=1 -D_LARGEFILE_SOURCE -D_LARGEFILE64_SOURCE -D_FILE_OFFSET_BITS=64 conftest.c >&5
configure:12508: $? = 0
configure:12508: result: yes
configure:12508: checking for sys/time.h
configure:12508: /home/jake/programming/repos/cuoc_cho_am/build/sw/vm/host/bin/x86_64-buildroot-linux-gnu-gcc -c -D_LARGEFILE_SOURCE -D_LARGEFILE64_SOURCE -D_FILE_OFFSET_BITS=64  -Og -g2 -D_FORTIFY_SOURCE=1 -D_LARGEFILE_SOURCE -D_LARGEFILE64_SOURCE -D_FILE_OFFSET_BITS=64 conftest.c >&5
configure:12508: $? = 0
configure:12508: result: yes
configure:12533: checking for dlfcn.h
configure:12533: /home/jake/programming/repos/cuoc_cho_am/build/sw/vm/host/bin/x86_64-buildroot-linux-gnu-gcc -c -D_LARGEFILE_SOURCE -D_LARGEFILE64_SOURCE -D_FILE_OFFSET_BITS=64  -Og -g2 -D_FORTIFY_SOURCE=1 -D_LARGEFILE_SOURCE -D_LARGEFILE64_SOURCE -D_FILE_OFFSET_BITS=64 conftest.c >&5
configure:12533: $? = 0
configure:12533: result: yes
configure:12766: checking for objdir
configure:12783: result: .libs
configure:13049: checking if /home/jake/programming/repos/cuoc_cho_am/build/sw/vm/host/bin/x86_64-buildroot-linux-gnu-gcc supports -fno-rtti -fno-exceptions
configure:13068: /home/jake/programming/repos/cuoc_cho_am/build/sw/vm/host/bin/x86_64-buildroot-linux-gnu-gcc -c -D_LARGEFILE_SOURCE -D_LARGEFILE64_SOURCE -D_FILE_OFFSET_BITS=64  -Og -g2 -D_FORTIFY_SOURCE=1 -D_LARGEFILE_SOURCE -D_LARGEFILE64_SOURCE -D_FILE_OFFSET_BITS=64 -fno-rtti -fno-exceptions conftest.c >&5
cc1: warning: command-line option '-fno-rtti' is valid for C++/D/ObjC++ but not for C
configure:13072: $? = 0
configure:13086: result: no
configure:13444: checking for /home/jake/programming/repos/cuoc_cho_am/build/sw/vm/host/bin/x86_64-buildroot-linux-gnu-gcc option to produce PIC
configure:13453: result: -fPIC -DPIC
configure:13461: checking if /home/jake/programming/repos/cuoc_cho_am/build/sw/vm/host/bin/x86_64-buildroot-linux-gnu-gcc PIC flag -fPIC -DPIC works
configure:13480: /home/jake/programming/repos/cuoc_cho_am/build/sw/vm/host/bin/x86_64-buildroot-linux-gnu-gcc -c -D_LARGEFILE_SOURCE -D_LARGEFILE64_SOURCE -D_FILE_OFFSET_BITS=64  -Og -g2 -D_FORTIFY_SOURCE=1 -D_LARGEFILE_SOURCE -D_LARGEFILE64_SOURCE -D_FILE_OFFSET_BITS=64 -fPIC -DPIC -DPIC conftest.c >&5
configure:13484: $? = 0
configure:13498: result: yes
configure:13527: checking if /home/jake/programming/repos/cuoc_cho_am/build/sw/vm/host/bin/x86_64-buildroot-linux-gnu-gcc static flag -static works
configure:13557: result: yes
configure:13572: checking if /home/jake/programming/repos/cuoc_cho_am/build/sw/vm/host/bin/x86_64-buildroot-linux-gnu-gcc supports -c -o file.o
configure:13594: /home/jake/programming/repos/cuoc_cho_am/build/sw/vm/host/bin/x86_64-buildroot-linux-gnu-gcc -c -D_LARGEFILE_SOURCE -D_LARGEFILE64_SOURCE -D_FILE_OFFSET_BITS=64  -Og -g2 -D_FORTIFY_SOURCE=1 -D_LARGEFILE_SOURCE -D_LARGEFILE64_SOURCE -D_FILE_OFFSET_BITS=64 -o out/conftest2.o conftest.c >&5
configure:13598: $? = 0
configure:13621: result: yes
configure:13629: checking if /home/jake/programming/repos/cuoc_cho_am/build/sw/vm/host/bin/x86_64-buildroot-linux-gnu-gcc supports -c -o file.o
configure:13678: result: yes
configure:13711: checking whether the /home/jake/programming/repos/cuoc_cho_am/build/sw/vm/host/bin/x86_64-buildroot-linux-gnu-gcc linker (/home/jake/programming/repos/cuoc_cho_am/build/sw/vm/host/bin/x86_64-buildroot-linux-gnu-ld -m elf_x86_64) supports shared libraries
configure:14982: result: yes
configure:15019: checking whether -lc should be explicitly linked in
configure:15028: /home/jake/programming/repos/cuoc_cho_am/build/sw/vm/host/bin/x86_64-buildroot-linux-gnu-gcc -c -D_LARGEFILE_SOURCE -D_LARGEFILE64_SOURCE -D_FILE_OFFSET_BITS=64  -Og -g2 -D_FORTIFY_SOURCE=1 -D_LARGEFILE_SOURCE -D_LARGEFILE64_SOURCE -D_FILE_OFFSET_BITS=64 conftest.c >&5
configure:15031: $? = 0
configure:15046: /home/jake/programming/repos/cuoc_cho_am/build/sw/vm/host/bin/x86_64-buildroot-linux-gnu-gcc -shared  -fPIC -DPIC conftest.o  -v -Wl,-soname -Wl,conftest -o conftest 2\>\&1 \| /usr/bin/grep  -lc  \>/dev/null 2\>\&1
configure:15049: $? = 0
configure:15064: result: no
configure:15224: checking dynamic linker characteristics
configure:15806: /home/jake/programming/repos/cuoc_cho_am/build/sw/vm/host/bin/x86_64-buildroot-linux-gnu-gcc -o conftest -D_LARGEFILE_SOURCE -D_LARGEFILE64_SOURCE -D_FILE_OFFSET_BITS=64  -Og -g2 -D_FORTIFY_SOURCE=1 -D_LARGEFILE_SOURCE -D_LARGEFILE64_SOURCE -D_FILE_OFFSET_BITS=64  -Wl,-rpath -Wl,/foo conftest.c  >&5
configure:15806: $? = 0
configure:16046: result: GNU/Linux ld.so
configure:16168: checking how to hardcode library paths into programs
configure:16193: result: immediate
configure:16793: checking whether stripping libraries is possible
configure:16815: result: no
configure:16833: checking if libtool supports shared libraries
configure:16835: result: yes
configure:16838: checking whether to build shared libraries
configure:16863: result: yes
configure:16866: checking whether to build static libraries
configure:16870: result: no
configure:17028: checking pkg-config is at least version 0.9.0
configure:17031: result: yes
configure:17087: checking for ALSA CFLAGS
configure:17093: result: 
configure:17096: checking for dlopen in -lc
configure:17125: /home/jake/programming/repos/cuoc_cho_am/build/sw/vm/host/bin/x86_64-buildroot-linux-gnu-gcc -o conftest -D_LARGEFILE_SOURCE -D_LARGEFILE64_SOURCE -D_FILE_OFFSET_BITS=64  -Og -g2 -D_FORTIFY_SOURCE=1 -D_LARGEFILE_SOURCE -D_LARGEFILE64_SOURCE -D_FILE_OFFSET_BITS=64  conftest.c -lc   >&5
configure:17125: $? = 0
configure:17137: result: yes
configure:17195: checking for ALSA LDFLAGS
configure:17204: result:  -lasound -lm  -lpthread
configure:17209: checking required libasound headers version
configure:17219: result: 1.2.5
configure:17228: checking for libasound headers version >= 1.2.5 (1.2.5)
configure:17276: /home/jake/programming/repos/cuoc_cho_am/build/sw/vm/host/bin/x86_64-buildroot-linux-gnu-gcc -c -D_LARGEFILE_SOURCE -D_LARGEFILE64_SOURCE -D_FILE_OFFSET_BITS=64  -Og -g2 -D_FORTIFY_SOURCE=1 -D_LARGEFILE_SOURCE -D_LARGEFILE64_SOURCE -D_FILE_OFFSET_BITS=64 conftest.c >&5
configure:17276: $? = 0
configure:17278: result: found.
configure:17302: checking for libatopology (sound headers version > 1.1.9)
configure:17330: /home/jake/programming/repos/cuoc_cho_am/build/sw/vm/host/bin/x86_64-buildroot-linux-gnu-gcc -c -D_LARGEFILE_SOURCE -D_LARGEFILE64_SOURCE -D_FILE_OFFSET_BITS=64  -Og -g2 -D_FORTIFY_SOURCE=1 -D_LARGEFILE_SOURCE -D_LARGEFILE64_SOURCE -D_FILE_OFFSET_BITS=64 conftest.c >&5
configure:17330: $? = 0
configure:17332: result: yes
configure:17351: checking for snd_ctl_open in -lasound
configure:17380: /home/jake/programming/repos/cuoc_cho_am/build/sw/vm/host/bin/x86_64-buildroot-linux-gnu-gcc -o conftest -D_LARGEFILE_SOURCE -D_LARGEFILE64_SOURCE -D_FILE_OFFSET_BITS=64  -Og -g2 -D_FORTIFY_SOURCE=1 -D_LARGEFILE_SOURCE -D_LARGEFILE64_SOURCE -D_FILE_OFFSET_BITS=64  conftest.c -lasound   -lasound -lm  -lpthread  >&5
configure:17380: $? = 0
configure:17392: result: yes
configure:17410: checking for snd_tplg_new in -latopology
configure:17439: /home/jake/programming/repos/cuoc_cho_am/build/sw/vm/host/bin/x86_64-buildroot-linux-gnu-gcc -o conftest -D_LARGEFILE_SOURCE -D_LARGEFILE64_SOURCE -D_FILE_OFFSET_BITS=64  -Og -g2 -D_FORTIFY_SOURCE=1 -D_LARGEFILE_SOURCE -D_LARGEFILE64_SOURCE -D_FILE_OFFSET_BITS=64  conftest.c -latopology  -lasound  -lasound -lm  -lpthread  >&5
configure:17439: $? = 0
configure:17451: result: yes
configure:17491: checking for ALSA topology LDFLAGS
configure:17496: result:  -latopology
configure:17504: checking for snd_ctl_elem_add_enumerated
configure:17504: /home/jake/programming/repos/cuoc_cho_am/build/sw/vm/host/bin/x86_64-buildroot-linux-gnu-gcc -o conftest -D_LARGEFILE_SOURCE -D_LARGEFILE64_SOURCE -D_FILE_OFFSET_BITS=64  -Og -g2 -D_FORTIFY_SOURCE=1 -D_LARGEFILE_SOURCE -D_LARGEFILE64_SOURCE -D_FILE_OFFSET_BITS=64  conftest.c -lasound -lm -lpthread >&5
configure:17504: $? = 0
configure:17504: result: yes
configure:17516: checking for dlfcn.h
configure:17516: result: yes
configure:17522: checking for malloc.h
configure:17522: /home/jake/programming/repos/cuoc_cho_am/build/sw/vm/host/bin/x86_64-buildroot-linux-gnu-gcc -c -D_LARGEFILE_SOURCE -D_LARGEFILE64_SOURCE -D_FILE_OFFSET_BITS=64  -Og -g2 -D_FORTIFY_SOURCE=1 -D_LARGEFILE_SOURCE -D_LARGEFILE64_SOURCE -D_FILE_OFFSET_BITS=64 conftest.c >&5
configure:17522: $? = 0
configure:17522: result: yes
configure:17532: checking for alsa/pcm.h
configure:17532: /home/jake/programming/repos/cuoc_cho_am/build/sw/vm/host/bin/x86_64-buildroot-linux-gnu-gcc -c -D_LARGEFILE_SOURCE -D_LARGEFILE64_SOURCE -D_FILE_OFFSET_BITS=64  -Og -g2 -D_FORTIFY_SOURCE=1 -D_LARGEFILE_SOURCE -D_LARGEFILE64_SOURCE -D_FILE_OFFSET_BITS=64 conftest.c >&5
configure:17532: $? = 0
configure:17532: result: yes
configure:17546: checking for alsa/mixer.h
configure:17546: /home/jake/programming/repos/cuoc_cho_am/build/sw/vm/host/bin/x86_64-buildroot-linux-gnu-gcc -c -D_LARGEFILE_SOURCE -D_LARGEFILE64_SOURCE -D_FILE_OFFSET_BITS=64  -Og -g2 -D_FORTIFY_SOURCE=1 -D_LARGEFILE_SOURCE -D_LARGEFILE64_SOURCE -D_FILE_OFFSET_BITS=64 conftest.c >&5
configure:17546: $? = 0
configure:17546: result: yes
configure:17560: checking for alsa/rawmidi.h
configure:17560: /home/jake/programming/repos/cuoc_cho_am/build/sw/vm/host/bin/x86_64-buildroot-linux-gnu-gcc -c -D_LARGEFILE_SOURCE -D_LARGEFILE64_SOURCE -D_FILE_OFFSET_BITS=64  -Og -g2 -D_FORTIFY_SOURCE=1 -D_LARGEFILE_SOURCE -D_LARGEFILE64_SOURCE -D_FILE_OFFSET_BITS=64 conftest.c >&5
configure:17560: $? = 0
configure:17560: result: yes
configure:17574: checking for alsa/seq.h
configure:17574: /home/jake/programming/repos/cuoc_cho_am/build/sw/vm/host/bin/x86_64-buildroot-linux-gnu-gcc -c -D_LARGEFILE_SOURCE -D_LARGEFILE64_SOURCE -D_FILE_OFFSET_BITS=64  -Og -g2 -D_FORTIFY_SOURCE=1 -D_LARGEFILE_SOURCE -D_LARGEFILE64_SOURCE -D_FILE_OFFSET_BITS=64 conftest.c >&5
configure:17574: $? = 0
configure:17574: result: yes
configure:17588: checking for alsa/use-case.h
configure:17588: /home/jake/programming/repos/cuoc_cho_am/build/sw/vm/host/bin/x86_64-buildroot-linux-gnu-gcc -c -D_LARGEFILE_SOURCE -D_LARGEFILE64_SOURCE -D_FILE_OFFSET_BITS=64  -Og -g2 -D_FORTIFY_SOURCE=1 -D_LARGEFILE_SOURCE -D_LARGEFILE64_SOURCE -D_FILE_OFFSET_BITS=64 conftest.c >&5
configure:17588: $? = 0
configure:17588: result: yes
configure:17602: checking for alsa/topology.h
configure:17602: /home/jake/programming/repos/cuoc_cho_am/build/sw/vm/host/bin/x86_64-buildroot-linux-gnu-gcc -c -D_LARGEFILE_SOURCE -D_LARGEFILE64_SOURCE -D_FILE_OFFSET_BITS=64  -Og -g2 -D_FORTIFY_SOURCE=1 -D_LARGEFILE_SOURCE -D_LARGEFILE64_SOURCE -D_FILE_OFFSET_BITS=64 conftest.c >&5
configure:17602: $? = 0
configure:17602: result: yes
configure:17616: checking for samplerate.h
configure:17616: /home/jake/programming/repos/cuoc_cho_am/build/sw/vm/host/bin/x86_64-buildroot-linux-gnu-gcc -c -D_LARGEFILE_SOURCE -D_LARGEFILE64_SOURCE -D_FILE_OFFSET_BITS=64  -Og -g2 -D_FORTIFY_SOURCE=1 -D_LARGEFILE_SOURCE -D_LARGEFILE64_SOURCE -D_FILE_OFFSET_BITS=64 conftest.c >&5
conftest.c:34:10: fatal error: samplerate.h: No such file or directory
   34 | #include <samplerate.h>
      |          ^~~~~~~~~~~~~~
compilation terminated.
configure:17616: $? = 1
configure: failed program was:
| /* confdefs.h */
| #define PACKAGE_NAME "alsa-utils"
| #define PACKAGE_TARNAME "alsa-utils"
| #define PACKAGE_VERSION "1.2.11"
| #define PACKAGE_STRING "alsa-utils 1.2.11"
| #define PACKAGE_BUGREPORT ""
| #define PACKAGE_URL ""
| #define PACKAGE "alsa-utils"
| #define VERSION "1.2.11"
| #define HAVE_STDIO_H 1
| #define HAVE_STDLIB_H 1
| #define HAVE_STRING_H 1
| #define HAVE_INTTYPES_H 1
| #define HAVE_STDINT_H 1
| #define HAVE_STRINGS_H 1
| #define HAVE_SYS_STAT_H 1
| #define HAVE_SYS_TYPES_H 1
| #define HAVE_UNISTD_H 1
| #define HAVE_SYS_TIME_H 1
| #define STDC_HEADERS 1
| #define HAVE_DLFCN_H 1
| #define LT_OBJDIR ".libs/"
| #define HAVE_LIBASOUND 1
| #define HAVE_LIBATOPOLOGY 1
| #define HAVE_DLFCN_H 1
| #define HAVE_MALLOC_H 1
| #define HAVE_ALSA_PCM_H 1
| #define HAVE_ALSA_MIXER_H 1
| #define HAVE_ALSA_RAWMIDI_H 1
| #define HAVE_ALSA_SEQ_H 1
| #define HAVE_ALSA_USE_CASE_H 1
| #define HAVE_ALSA_TOPOLOGY_H 1
| /* end confdefs.h.  */
| #include <samplerate.h>
| 
| #include <samplerate.h>
configure:17616: result: no
configure:17629: checking for snd_seq_client_info_get_card in -lasound
configure:17658: /home/jake/programming/repos/cuoc_cho_am/build/sw/vm/host/bin/x86_64-buildroot-linux-gnu-gcc -o conftest -D_LARGEFILE_SOURCE -D_LARGEFILE64_SOURCE -D_FILE_OFFSET_BITS=64  -Og -g2 -D_FORTIFY_SOURCE=1 -D_LARGEFILE_SOURCE -D_LARGEFILE64_SOURCE -D_FILE_OFFSET_BITS=64  conftest.c -lasound  -lasound -lm -lpthread >&5
configure:17658: $? = 0
configure:17670: result: yes
configure:17682: checking for snd_seq_client_info_get_pid in -lasound
configure:17711: /home/jake/programming/repos/cuoc_cho_am/build/sw/vm/host/bin/x86_64-buildroot-linux-gnu-gcc -o conftest -D_LARGEFILE_SOURCE -D_LARGEFILE64_SOURCE -D_FILE_OFFSET_BITS=64  -Og -g2 -D_FORTIFY_SOURCE=1 -D_LARGEFILE_SOURCE -D_LARGEFILE64_SOURCE -D_FILE_OFFSET_BITS=64  conftest.c -lasound  -lasound -lm -lpthread >&5
configure:17711: $? = 0
configure:17723: result: yes
configure:17735: checking for snd_seq_client_info_get_midi_version in -lasound
configure:17764: /home/jake/programming/repos/cuoc_cho_am/build/sw/vm/host/bin/x86_64-buildroot-linux-gnu-gcc -o conftest -D_LARGEFILE_SOURCE -D_LARGEFILE64_SOURCE -D_FILE_OFFSET_BITS=64  -Og -g2 -D_FORTIFY_SOURCE=1 -D_LARGEFILE_SOURCE -D_LARGEFILE64_SOURCE -D_FILE_OFFSET_BITS=64  conftest.c -lasound  -lasound -lm -lpthread >&5
configure:17764: $? = 0
configure:17776: result: yes
configure:17788: checking for snd_tplg_save in -latopology
configure:17817: /home/jake/programming/repos/cuoc_cho_am/build/sw/vm/host/bin/x86_64-buildroot-linux-gnu-gcc -o conftest -D_LARGEFILE_SOURCE -D_LARGEFILE64_SOURCE -D_FILE_OFFSET_BITS=64  -Og -g2 -D_FORTIFY_SOURCE=1 -D_LARGEFILE_SOURCE -D_LARGEFILE64_SOURCE -D_FILE_OFFSET_BITS=64  conftest.c -latopology  -lasound -lm -lpthread >&5
configure:17817: $? = 0
configure:17829: result: yes
configure:17847: checking for ffado_streaming_init in -lffado
configure:17876: /home/jake/programming/repos/cuoc_cho_am/build/sw/vm/host/bin/x86_64-buildroot-linux-gnu-gcc -o conftest -D_LARGEFILE_SOURCE -D_LARGEFILE64_SOURCE -D_FILE_OFFSET_BITS=64  -Og -g2 -D_FORTIFY_SOURCE=1 -D_LARGEFILE_SOURCE -D_LARGEFILE64_SOURCE -D_FILE_OFFSET_BITS=64  conftest.c -lffado  -lasound -lm -lpthread >&5
/home/jake/programming/repos/cuoc_cho_am/build/sw/vm/host/lib/gcc/x86_64-buildroot-linux-gnu/13.3.0/../../../../x86_64-buildroot-linux-gnu/bin/ld: cannot find -lffado: No such file or directory
collect2: error: ld returned 1 exit status
configure:17876: $? = 1
configure: failed program was:
| /* confdefs.h */
| #define PACKAGE_NAME "alsa-utils"
| #define PACKAGE_TARNAME "alsa-utils"
| #define PACKAGE_VERSION "1.2.11"
| #define PACKAGE_STRING "alsa-utils 1.2.11"
| #define PACKAGE_BUGREPORT ""
| #define PACKAGE_URL ""
| #define PACKAGE "alsa-utils"
| #define VERSION "1.2.11"
| #define HAVE_STDIO_H 1
| #define HAVE_STDLIB_H 1
| #define HAVE_STRING_H 1
| #define HAVE_INTTYPES_H 1
| #define HAVE_STDINT_H 1
| #define HAVE_STRINGS_H 1
| #define HAVE_SYS_STAT_H 1
| #define HAVE_SYS_TYPES_H 1
| #define HAVE_UNISTD_H 1
| #define HAVE_SYS_TIME_H 1
| #define STDC_HEADERS 1
| #define HAVE_DLFCN_H 1
| #define LT_OBJDIR ".libs/"
| #define HAVE_LIBASOUND 1
| #define HAVE_LIBATOPOLOGY 1
| #define HAVE_DLFCN_H 1
| #define HAVE_MALLOC_H 1
| #define HAVE_ALSA_PCM_H 1
| #define HAVE_ALSA_MIXER_H 1
| #define HAVE_ALSA_RAWMIDI_H 1
| #define HAVE_ALSA_SEQ_H 1
| #define HAVE_ALSA_USE_CASE_H 1
| #define HAVE_ALSA_TOPOLOGY_H 1
| #define HAVE_SEQ_CLIENT_INFO_GET_CARD 1
| #define HAVE_SEQ_CLIENT_INFO_GET_PID 1
| #define HAVE_SEQ_CLIENT_INFO_GET_MIDI_VERSION 1
| /* end confdefs.h.  */
| 
| /* Override any GCC internal prototype to avoid an error.
|    Use char because int might match the return type of a GCC
|    builtin and then its argument prototype would still apply.
|    The 'extern "C"' is for builds by C++ compilers;
|    although this is not generally supported in C code supporting it here
|    has little cost and some practical benefit (sr 110532).  */
| #ifdef __cplusplus
| extern "C"
| #endif
| char ffado_streaming_init (void);
| int
| main (void)
| {
| return ffado_streaming_init ();
|   ;
|   return 0;
| }
configure:17888: result: no
configure:17906: checking for memfd_create
configure:17906: /home/jake/programming/repos/cuoc_cho_am/build/sw/vm/host/bin/x86_64-buildroot-linux-gnu-gcc -o conftest -D_LARGEFILE_SOURCE -D_LARGEFILE64_SOURCE -D_FILE_OFFSET_BITS=64  -Og -g2 -D_FORTIFY_SOURCE=1 -D_LARGEFILE_SOURCE -D_LARGEFILE64_SOURCE -D_FILE_OFFSET_BITS=64  conftest.c -lasound -lm -lpthread >&5
configure:17906: $? = 0
configure:17906: result: yes
configure:18284: checking for librt
configure:18297: checking for clock_gettime in -lrt
configure:18326: /home/jake/programming/repos/cuoc_cho_am/build/sw/vm/host/bin/x86_64-buildroot-linux-gnu-gcc -o conftest -D_LARGEFILE_SOURCE -D_LARGEFILE64_SOURCE -D_FILE_OFFSET_BITS=64  -Og -g2 -D_FORTIFY_SOURCE=1 -D_LARGEFILE_SOURCE -D_LARGEFILE64_SOURCE -D_FILE_OFFSET_BITS=64  conftest.c -lrt  -lasound -lm -lpthread >&5
configure:18326: $? = 0
configure:18338: result: yes
configure:18601: checking for egrep
configure:18671: result: /usr/bin/grep -E
configure:18979: checking for NCURSES
configure:18986: $PKG_CONFIG --exists --print-errors "ncurses"
configure:18989: $? = 0
configure:19003: $PKG_CONFIG --exists --print-errors "ncurses"
configure:19006: $? = 0
configure:19244: result: yes
configure:19309: checking for curses library
configure:19311: result: ncurses
configure:19313: checking for curses header name
configure:19315: result: <ncurses.h>
configure:19317: checking for curses compiler flags
configure:19319: result: -D_DEFAULT_SOURCE -D_XOPEN_SOURCE=600 
configure:19348: /home/jake/programming/repos/cuoc_cho_am/build/sw/vm/host/bin/x86_64-buildroot-linux-gnu-gcc -o conftest -D_LARGEFILE_SOURCE -D_LARGEFILE64_SOURCE -D_FILE_OFFSET_BITS=64  -Og -g2 -D_FORTIFY_SOURCE=1 -D_DEFAULT_SOURCE -D_XOPEN_SOURCE=600  -D_LARGEFILE_SOURCE -D_LARGEFILE64_SOURCE -D_FILE_OFFSET_BITS=64  conftest.c -lncurses  -lasound -lm -lpthread >&5
configure:19348: $? = 0
configure:19401: checking for panel.h
configure:19401: /home/jake/programming/repos/cuoc_cho_am/build/sw/vm/host/bin/x86_64-buildroot-linux-gnu-gcc -c -D_LARGEFILE_SOURCE -D_LARGEFILE64_SOURCE -D_FILE_OFFSET_BITS=64  -Og -g2 -D_FORTIFY_SOURCE=1 -D_DEFAULT_SOURCE -D_XOPEN_SOURCE=600  -D_LARGEFILE_SOURCE -D_LARGEFILE64_SOURCE -D_FILE_OFFSET_BITS=64 conftest.c >&5
configure:19401: $? = 0
configure:19401: result: yes
configure:19401: checking for menu.h
configure:19401: /home/jake/programming/repos/cuoc_cho_am/build/sw/vm/host/bin/x86_64-buildroot-linux-gnu-gcc -c -D_LARGEFILE_SOURCE -D_LARGEFILE64_SOURCE -D_FILE_OFFSET_BITS=64  -Og -g2 -D_FORTIFY_SOURCE=1 -D_DEFAULT_SOURCE -D_XOPEN_SOURCE=600  -D_LARGEFILE_SOURCE -D_LARGEFILE64_SOURCE -D_FILE_OFFSET_BITS=64 conftest.c >&5
configure:19401: $? = 0
configure:19401: result: yes
configure:19401: checking for form.h
configure:19401: /home/jake/programming/repos/cuoc_cho_am/build/sw/vm/host/bin/x86_64-buildroot-linux-gnu-gcc -c -D_LARGEFILE_SOURCE -D_LARGEFILE64_SOURCE -D_FILE_OFFSET_BITS=64  -Og -g2 -D_FORTIFY_SOURCE=1 -D_DEFAULT_SOURCE -D_XOPEN_SOURCE=600  -D_LARGEFILE_SOURCE -D_LARGEFILE64_SOURCE -D_FILE_OFFSET_BITS=64 conftest.c >&5
configure:19401: $? = 0
configure:19401: result: yes
configure:19415: checking for new_panel in -lpanel
configure:19444: /home/jake/programming/repos/cuoc_cho_am/build/sw/vm/host/bin/x86_64-buildroot-linux-gnu-gcc -o conftest -D_LARGEFILE_SOURCE -D_LARGEFILE64_SOURCE -D_FILE_OFFSET_BITS=64  -Og -g2 -D_FORTIFY_SOURCE=1 -D_DEFAULT_SOURCE -D_XOPEN_SOURCE=600  -D_LARGEFILE_SOURCE -D_LARGEFILE64_SOURCE -D_FILE_OFFSET_BITS=64  conftest.c -lpanel  -lncurses  -lasound -lm -lpthread >&5
configure:19444: $? = 0
configure:19457: result: yes
configure:19468: checking for new_menu in -lmenu
configure:19497: /home/jake/programming/repos/cuoc_cho_am/build/sw/vm/host/bin/x86_64-buildroot-linux-gnu-gcc -o conftest -D_LARGEFILE_SOURCE -D_LARGEFILE64_SOURCE -D_FILE_OFFSET_BITS=64  -Og -g2 -D_FORTIFY_SOURCE=1 -D_DEFAULT_SOURCE -D_XOPEN_SOURCE=600  -D_LARGEFILE_SOURCE -D_LARGEFILE64_SOURCE -D_FILE_OFFSET_BITS=64  conftest.c -lmenu  -lncurses  -lasound -lm -lpthread >&5
configure:19497: $? = 0
configure:19510: result: yes
configure:19521: checking for new_form in -lform
configure:19550: /home/jake/programming/repos/cuoc_cho_am/build/sw/vm/host/bin/x86_64-buildroot-linux-gnu-gcc -o conftest -D_LARGEFILE_SOURCE -D_LARGEFILE64_SOURCE -D_FILE_OFFSET_BITS=64  -Og -g2 -D_FORTIFY_SOURCE=1 -D_DEFAULT_SOURCE -D_XOPEN_SOURCE=600  -D_LARGEFILE_SOURCE -D_LARGEFILE64_SOURCE -D_FILE_OFFSET_BITS=64  conftest.c -lform  -lncurses  -lasound -lm -lpthread >&5
configure:19550: $? = 0
configure:19563: result: yes
configure:19582: checking for curses linker flags
configure:19584: result: -lform -lmenu -lpanel -lncurses 
configure:19627: checking for an ANSI C-conforming const
configure:19694: /home/jake/programming/repos/cuoc_cho_am/build/sw/vm/host/bin/x86_64-buildroot-linux-gnu-gcc -c -D_LARGEFILE_SOURCE -D_LARGEFILE64_SOURCE -D_FILE_OFFSET_BITS=64  -Og -g2 -D_FORTIFY_SOURCE=1 -D_LARGEFILE_SOURCE -D_LARGEFILE64_SOURCE -D_FILE_OFFSET_BITS=64 conftest.c >&5
configure:19694: $? = 0
configure:19704: result: yes
configure:19712: checking for inline
configure:19729: /home/jake/programming/repos/cuoc_cho_am/build/sw/vm/host/bin/x86_64-buildroot-linux-gnu-gcc -c -D_LARGEFILE_SOURCE -D_LARGEFILE64_SOURCE -D_FILE_OFFSET_BITS=64  -Og -g2 -D_FORTIFY_SOURCE=1 -D_LARGEFILE_SOURCE -D_LARGEFILE64_SOURCE -D_FILE_OFFSET_BITS=64 conftest.c >&5
configure:19729: $? = 0
configure:19739: result: inline
configure:19777: checking for /home/jake/programming/repos/cuoc_cho_am/build/sw/vm/host/bin/x86_64-buildroot-linux-gnu-gcc option to enable large file support
configure:19812: /home/jake/programming/repos/cuoc_cho_am/build/sw/vm/host/bin/x86_64-buildroot-linux-gnu-gcc -c -D_LARGEFILE_SOURCE -D_LARGEFILE64_SOURCE -D_FILE_OFFSET_BITS=64  -Og -g2 -D_FORTIFY_SOURCE=1 -D_LARGEFILE_SOURCE -D_LARGEFILE64_SOURCE -D_FILE_OFFSET_BITS=64 conftest.c >&5
configure:19812: $? = 0
configure:19818: /home/jake/programming/repos/cuoc_cho_am/build/sw/vm/host/bin/x86_64-buildroot-linux-gnu-gcc -DFTYPE=ino_t -c -D_LARGEFILE_SOURCE -D_LARGEFILE64_SOURCE -D_FILE_OFFSET_BITS=64  -Og -g2 -D_FORTIFY_SOURCE=1 -D_LARGEFILE_SOURCE -D_LARGEFILE64_SOURCE -D_FILE_OFFSET_BITS=64 conftest.c >&5
configure:19818: $? = 0
configure:19843: result: none needed
configure:19965: checking for SYSTEMD
configure:19972: $PKG_CONFIG --exists --print-errors "systemd >= 18"
Package systemd was not found in the pkg-config search path.
Perhaps you should add the directory containing `systemd.pc'
to the PKG_CONFIG_PATH environment variable
Package 'systemd', required by 'virtual:world', not found
configure:19975: $? = 1
configure:19989: $PKG_CONFIG --exists --print-errors "systemd >= 18"
Package systemd was not found in the pkg-config search path.
Perhaps you should add the directory containing `systemd.pc'
to the PKG_CONFIG_PATH environment variable
Package 'systemd', required by 'virtual:world', not found
configure:19992: $? = 1
configure:20006: result: no
Package 'systemd', required by 'virtual:world', not found
configure:20236: checking that generated files are newer than configure
configure:20242: result: done
configure:20351: creating ./config.status

## ---------------------- ##
## Running config.status. ##
## ---------------------- ##

This file was extended by alsa-utils config.status 1.2.11, which was
generated by GNU Autoconf 2.72.  Invocation command line was

  CONFIG_FILES    = 
  CONFIG_HEADERS  = 
  CONFIG_LINKS    = 
  CONFIG_COMMANDS = 
  $ ./config.status --quiet

on desktop

config.status:1241: creating Makefile
config.status:1241: creating alsactl/Makefile
config.status:1241: creating alsactl/init/Makefile
config.status:1241: creating alsamixer/Makefile
config.status:1241: creating amidi/Makefile
config.status:1241: creating amixer/Makefile
config.status:1241: creating m4/Makefile
config.status:1241: creating po/Makefile.in
config.status:1241: creating alsaconf/alsaconf
config.status:1241: creating alsaconf/Makefile
config.status:1241: creating alsaconf/po/Makefile
config.status:1349: WARNING:  'alsaconf/po/Makefile.in' seems to ignore the --datarootdir setting
config.status:1241: creating alsaucm/Makefile
config.status:1241: creating topology/Makefile
config.status:1241: creating topology/nhlt/Makefile
config.status:1241: creating bat/Makefile
config.status:1241: creating bat/tests/Makefile
config.status:1241: creating bat/tests/asound_state/Makefile
config.status:1241: creating aplay/Makefile
config.status:1241: creating include/Makefile
config.status:1241: creating iecset/Makefile
config.status:1241: creating utils/Makefile
config.status:1241: creating utils/alsa-utils.spec
config.status:1241: creating seq/Makefile
config.status:1241: creating seq/aconnect/Makefile
config.status:1241: creating seq/aplaymidi/Makefile
config.status:1241: creating seq/aseqdump/Makefile
config.status:1241: creating seq/aseqnet/Makefile
config.status:1241: creating speaker-test/Makefile
config.status:1241: creating speaker-test/samples/Makefile
config.status:1241: creating alsaloop/Makefile
config.status:1241: creating alsa-info/Makefile
config.status:1241: creating axfer/Makefile
config.status:1241: creating axfer/test/Makefile
config.status:1241: creating nhlt/Makefile
config.status:1241: creating include/aconfig.h
config.status:1470: executing po-directories commands
config.status:1470: executing depfiles commands
config.status:1470: executing libtool commands
configure:22643: WARNING: unrecognized options: --disable-gtk-doc, --disable-gtk-doc-html, --disable-doc, --disable-docs, --disable-documentation, --with-xmlto, --with-fop, --enable-ipv6

## ---------------- ##
## Cache variables. ##
## ---------------- ##

ac_cv_build=x86_64-pc-linux-gnu
ac_cv_c_bigendian=no
ac_cv_c_compiler_gnu=yes
ac_cv_c_const=yes
ac_cv_c_inline=inline
ac_cv_env_CC_set=set
ac_cv_env_CC_value=/home/jake/programming/repos/cuoc_cho_am/build/sw/vm/host/bin/x86_64-buildroot-linux-gnu-gcc
ac_cv_env_CFLAGS_set=set
ac_cv_env_CFLAGS_value='-D_LARGEFILE_SOURCE -D_LARGEFILE64_SOURCE -D_FILE_OFFSET_BITS=64  -Og -g2 -D_FORTIFY_SOURCE=1'
ac_cv_env_CPPFLAGS_set=set
ac_cv_env_CPPFLAGS_value='-D_LARGEFILE_SOURCE -D_LARGEFILE64_SOURCE -D_FILE_OFFSET_BITS=64'
ac_cv_env_CPP_set=set
ac_cv_env_CPP_value=/home/jake/programming/repos/cuoc_cho_am/build/sw/vm/host/bin/x86_64-buildroot-linux-gnu-cpp
ac_cv_env_LDFLAGS_set=set
ac_cv_env_LDFLAGS_value=
ac_cv_env_LIBS_set=set
ac_cv_env_LIBS_value=
ac_cv_env_LT_SYS_LIBRARY_PATH_set=
ac_cv_env_LT_SYS_LIBRARY_PATH_value=
ac_cv_env_NCURSESW_CFLAGS_set=
ac_cv_env_NCURSESW_CFLAGS_value=
ac_cv_env_NCURSESW_LIBS_set=
ac_cv_env_NCURSESW_LIBS_value=
ac_cv_env_NCURSES_CFLAGS_set=
ac_cv_env_NCURSES_CFLAGS_value=
ac_cv_env_NCURSES_LIBS_set=
ac_cv_env_NCURSES_LIBS_value=
ac_cv_env_PKG_CONFIG_LIBDIR_set=
ac_cv_env_PKG_CONFIG_LIBDIR_value=
ac_cv_env_PKG_CONFIG_PATH_set=
ac_cv_env_PKG_CONFIG_PATH_value=
ac_cv_env_PKG_CONFIG_set=set
ac_cv_env_PKG_CONFIG_value=/home/jake/programming/repos/cuoc_cho_am/build/sw/vm/host/bin/pkg-config
ac_cv_env_SYSTEMD_CFLAGS_set=
ac_cv_env_SYSTEMD_CFLAGS_value=
ac_cv_env_SYSTEMD_LIBS_set=
ac_cv_env_SYSTEMD_LIBS_value=
ac_cv_env_build_alias_set=set
ac_cv_env_build_alias_value=x86_64-pc-linux-gnu
ac_cv_env_host_alias_set=set
ac_cv_env_host_alias_value=x86_64-buildroot-linux-gnu
ac_cv_env_target_alias_set=set
ac_cv_env_target_alias_value=x86_64-buildroot-linux-gnu
ac_cv_func_calloc_0_nonnull=yes
ac_cv_func_malloc_0_nonnull=yes
ac_cv_func_memcmp_working=yes
ac_cv_func_memfd_create=yes
ac_cv_func_mmap_fixed_mapped=yes
ac_cv_func_realloc_0_nonnull=yes
ac_cv_func_snd_ctl_elem_add_enumerated=yes
ac_cv_have_decl_malloc=yes
ac_cv_header_alsa_mixer_h=yes
ac_cv_header_alsa_pcm_h=yes
ac_cv_header_alsa_rawmidi_h=yes
ac_cv_header_alsa_seq_h=yes
ac_cv_header_alsa_topology_h=yes
ac_cv_header_alsa_use_case_h=yes
ac_cv_header_dlfcn_h=yes
ac_cv_header_form_h=yes
ac_cv_header_inttypes_h=yes
ac_cv_header_malloc_h=yes
ac_cv_header_menu_h=yes
ac_cv_header_panel_h=yes
ac_cv_header_samplerate_h=no
ac_cv_header_stdint_h=yes
ac_cv_header_stdio_h=yes
ac_cv_header_stdlib_h=yes
ac_cv_header_string_h=yes
ac_cv_header_strings_h=yes
ac_cv_header_sys_stat_h=yes
ac_cv_header_sys_time_h=yes
ac_cv_header_sys_types_h=yes
ac_cv_header_unistd_h=yes
ac_cv_host=x86_64-buildroot-linux-gnu
ac_cv_lbl_unaligned_fail=no
ac_cv_lib_asound_snd_ctl_open=yes
ac_cv_lib_asound_snd_seq_client_info_get_card=yes
ac_cv_lib_asound_snd_seq_client_info_get_midi_version=yes
ac_cv_lib_asound_snd_seq_client_info_get_pid=yes
ac_cv_lib_atopology_snd_tplg_new=yes
ac_cv_lib_atopology_snd_tplg_save=yes
ac_cv_lib_c_dlopen=yes
ac_cv_lib_ffado_ffado_streaming_init=no
ac_cv_lib_form_new_form=yes
ac_cv_lib_menu_new_menu=yes
ac_cv_lib_panel_new_panel=yes
ac_cv_lib_rt_clock_gettime=yes
ac_cv_objext=o
ac_cv_path_EGREP='/usr/bin/grep -E'
ac_cv_path_EGREP_TRADITIONAL='/usr/bin/grep -E'
ac_cv_path_FGREP='/usr/bin/grep -F'
ac_cv_path_GMSGFMT=/home/jake/programming/repos/cuoc_cho_am/build/sw/vm/host/bin/msgfmt
ac_cv_path_GREP=/usr/bin/grep
ac_cv_path_MSGFMT=/home/jake/programming/repos/cuoc_cho_am/build/sw/vm/host/bin/msgfmt
ac_cv_path_MSGMERGE=/home/jake/programming/repos/cuoc_cho_am/build/sw/vm/host/bin/msgmerge
ac_cv_path_SED=/usr/bin/sed
ac_cv_path_XGETTEXT=/home/jake/programming/repos/cuoc_cho_am/build/sw/vm/host/bin/xgettext
ac_cv_path_install='/usr/bin/install -c'
ac_cv_path_lt_DD=/usr/bin/dd
ac_cv_path_mkdir=/usr/bin/mkdir
ac_cv_prog_AR=/home/jake/programming/repos/cuoc_cho_am/build/sw/vm/host/bin/x86_64-buildroot-linux-gnu-gcc-ar
ac_cv_prog_AWK=gawk
ac_cv_prog_CC=/home/jake/programming/repos/cuoc_cho_am/build/sw/vm/host/bin/x86_64-buildroot-linux-gnu-gcc
ac_cv_prog_CPP=/home/jake/programming/repos/cuoc_cho_am/build/sw/vm/host/bin/x86_64-buildroot-linux-gnu-cpp
ac_cv_prog_OBJDUMP=/home/jake/programming/repos/cuoc_cho_am/build/sw/vm/host/bin/x86_64-buildroot-linux-gnu-objdump
ac_cv_prog_RANLIB=/home/jake/programming/repos/cuoc_cho_am/build/sw/vm/host/bin/x86_64-buildroot-linux-gnu-gcc-ranlib
ac_cv_prog_STRIP=/bin/true
ac_cv_prog_cc_c11=
ac_cv_prog_cc_g=yes
ac_cv_prog_cc_stdc=
ac_cv_prog_make_make_set=yes
ac_cv_prog_ncurses5_config=/home/jake/programming/repos/cuoc_cho_am/build/sw/vm/host/x86_64-buildroot-linux-gnu/sysroot/usr/bin/ncurses6-config
ac_cv_sys_largefile_opts='none needed'
acl_cv_hardcode_direct=no
acl_cv_hardcode_libdir_flag_spec='${wl}-rpath ${wl}$libdir'
acl_cv_hardcode_libdir_separator=
acl_cv_hardcode_minus_L=no
acl_cv_libdirstems=lib,lib,lib64
acl_cv_libext=a
acl_cv_libname_spec='lib$name'
acl_cv_library_names_spec='$libname$shrext'
acl_cv_prog_gnu_ld=yes
acl_cv_rpath=done
acl_cv_shlibext=so
acl_cv_wl=-Wl,
am_cv_CC_dependencies_compiler_type=none
am_cv_make_support_nested_variables=yes
am_cv_prog_cc_c_o=yes
gl_cv_elf=yes
gl_cv_func_malloc_0_nonnull=yes
gl_cv_host_cpu_c_abi_32bit=no
gt_cv_func_CFLocaleCopyPreferredLanguages=no
gt_cv_func_CFPreferencesCopyAppValue=no
lt_cv_ar_at_file=@
lt_cv_archive_cmds_need_lc=no
lt_cv_deplibs_check_method=pass_all
lt_cv_file_magic_cmd='$MAGIC_CMD'
lt_cv_file_magic_test_file=
lt_cv_ld_reload_flag=-r
lt_cv_nm_interface='BSD nm'
lt_cv_objdir=.libs
lt_cv_path_LD=/home/jake/programming/repos/cuoc_cho_am/build/sw/vm/host/bin/x86_64-buildroot-linux-gnu-ld
lt_cv_path_NM=/home/jake/programming/repos/cuoc_cho_am/build/sw/vm/host/bin/x86_64-buildroot-linux-gnu-gcc-nm
lt_cv_path_mainfest_tool=no
lt_cv_prog_compiler_c_o=yes
lt_cv_prog_compiler_pic='-fPIC -DPIC'
lt_cv_prog_compiler_pic_works=yes
lt_cv_prog_compiler_rtti_exceptions=no
lt_cv_prog_compiler_static_works=yes
lt_cv_prog_gnu_ld=yes
lt_cv_sharedlib_from_linklib_cmd='printf %s\n'
lt_cv_shlibpath_overrides_runpath=no
lt_cv_sys_global_symbol_pipe='sed -n -e '\''s/^.*[	 ]\([ABCDGIRSTW][ABCDGIRSTW]*\)[	 ][	 ]*\([_A-Za-z][_A-Za-z0-9]*\)$/\1 \2 \2/p'\'' | sed '\''/ __gnu_lto/d'\'''
lt_cv_sys_global_symbol_to_c_name_address='sed -n -e '\''s/^: \(.*\) .*$/  {"\1", (void *) 0},/p'\'' -e '\''s/^[ABCDGIRSTW][ABCDGIRSTW]* .* \(.*\)$/  {"\1", (void *) \&\1},/p'\'''
lt_cv_sys_global_symbol_to_c_name_address_lib_prefix='sed -n -e '\''s/^: \(.*\) .*$/  {"\1", (void *) 0},/p'\'' -e '\''s/^[ABCDGIRSTW][ABCDGIRSTW]* .* \(lib.*\)$/  {"\1", (void *) \&\1},/p'\'' -e '\''s/^[ABCDGIRSTW][ABCDGIRSTW]* .* \(.*\)$/  {"lib\1", (void *) \&\1},/p'\'''
lt_cv_sys_global_symbol_to_cdecl='sed -n -e '\''s/^T .* \(.*\)$/extern int \1();/p'\'' -e '\''s/^[ABCDGIRSTW][ABCDGIRSTW]* .* \(.*\)$/extern char \1;/p'\'''
lt_cv_sys_global_symbol_to_import=
lt_cv_sys_lib_search_path_spec=
lt_cv_sys_max_cmd_len=1572864
lt_cv_to_host_file_cmd=func_convert_file_noop
lt_cv_to_tool_file_cmd=func_convert_file_noop
lt_cv_truncate_bin='/usr/bin/dd bs=4096 count=1'
pkg_cv_NCURSES_CFLAGS='-D_DEFAULT_SOURCE -D_XOPEN_SOURCE=600 '
pkg_cv_NCURSES_LIBS='-lncurses '

## ----------------- ##
## Output variables. ##
## ----------------- ##

ACLOCAL='${SHELL} '\''/home/jake/programming/repos/cuoc_cho_am/build/sw/vm/build/alsa-utils-1.2.11/missing'\'' aclocal-1.16'
ALSACONF_FALSE='#'
ALSACONF_TRUE=''
ALSACTL_DAEMONSWITCH='/etc/alsa/state-daemon.conf'
ALSACTL_PIDFILE_DIR='/var/run'
ALSALOOP_FALSE=''
ALSALOOP_TRUE='#'
ALSAMIXER_FALSE='#'
ALSAMIXER_TRUE=''
ALSA_CFLAGS=''
ALSA_LIBS=' -lasound -lm  -lpthread'
ALSA_TOPOLOGY_LIBS=' -latopology'
ALSA_TOPOLOGY_PLUGIN_DIR='/usr/lib/alsa-topology'
AMDEPBACKSLASH=''
AMDEP_FALSE=''
AMDEP_TRUE='#'
AMTAR='$${TAR-tar}'
AM_BACKSLASH='\'
AM_DEFAULT_V='$(AM_DEFAULT_VERBOSITY)'
AM_DEFAULT_VERBOSITY='1'
AM_V='$(V)'
AR='/home/jake/programming/repos/cuoc_cho_am/build/sw/vm/host/bin/x86_64-buildroot-linux-gnu-gcc-ar'
ASOUND_LOCK_DIR='/var/lock'
ASOUND_STATE_DIR='/var/lib/alsa'
AUTOCONF='${SHELL} '\''/home/jake/programming/repos/cuoc_cho_am/build/sw/vm/build/alsa-utils-1.2.11/missing'\'' autoconf'
AUTOHEADER='${SHELL} '\''/home/jake/programming/repos/cuoc_cho_am/build/sw/vm/build/alsa-utils-1.2.11/missing'\'' autoheader'
AUTOMAKE='${SHELL} '\''/home/jake/programming/repos/cuoc_cho_am/build/sw/vm/build/alsa-utils-1.2.11/missing'\'' automake-1.16'
AWK='gawk'
BAT_FALSE=''
BAT_TRUE='#'
CC='/home/jake/programming/repos/cuoc_cho_am/build/sw/vm/host/bin/x86_64-buildroot-linux-gnu-gcc'
CCDEPMODE='depmode=none'
CFLAGS='-D_LARGEFILE_SOURCE -D_LARGEFILE64_SOURCE -D_FILE_OFFSET_BITS=64  -Og -g2 -D_FORTIFY_SOURCE=1'
CPP='/home/jake/programming/repos/cuoc_cho_am/build/sw/vm/host/bin/x86_64-buildroot-linux-gnu-cpp'
CPPFLAGS='-D_LARGEFILE_SOURCE -D_LARGEFILE64_SOURCE -D_FILE_OFFSET_BITS=64'
CSCOPE='cscope'
CTAGS='ctags'
CURSESINC='<ncurses.h>'
CURSESLIB='-lform -lmenu -lpanel -lncurses '
CURSES_CFLAGS='-D_DEFAULT_SOURCE -D_XOPEN_SOURCE=600 '
CYGPATH_W='echo'
DEFS='-DHAVE_CONFIG_H'
DEPDIR='.deps'
DLLTOOL='false'
DSYMUTIL=''
DUMPBIN=''
ECHO_C=''
ECHO_N='-n'
ECHO_T=''
EGREP='/usr/bin/grep -E'
ETAGS='etags'
EXEEXT=''
FFTW_CFLAGS=''
FFTW_INC=''
FFTW_LIB=''
FGREP='/usr/bin/grep -F'
GETTEXT_MACRO_VERSION='0.20'
GMSGFMT='/home/jake/programming/repos/cuoc_cho_am/build/sw/vm/host/bin/msgfmt'
GMSGFMT_015='/home/jake/programming/repos/cuoc_cho_am/build/sw/vm/host/bin/msgfmt'
GREP='/usr/bin/grep'
HAVE_FFADO_FALSE=''
HAVE_FFADO_TRUE='#'
HAVE_LIBFFTW3_FALSE=''
HAVE_LIBFFTW3_TRUE='#'
HAVE_LIBTINYALSA_FALSE=''
HAVE_LIBTINYALSA_TRUE='#'
HAVE_MIXER_FALSE='#'
HAVE_MIXER_TRUE=''
HAVE_PCM_FALSE='#'
HAVE_PCM_TRUE=''
HAVE_RAWMIDI_FALSE='#'
HAVE_RAWMIDI_TRUE=''
HAVE_SAMPLERATE_FALSE=''
HAVE_SAMPLERATE_TRUE='#'
HAVE_SEQ_FALSE='#'
HAVE_SEQ_TRUE=''
HAVE_SYSTEMD_FALSE=''
HAVE_SYSTEMD_TRUE='#'
HAVE_TOPOLOGY_FALSE='#'
HAVE_TOPOLOGY_TRUE=''
HAVE_UCM_FALSE='#'
HAVE_UCM_TRUE=''
INSTALL_DATA='${INSTALL} -m 644'
INSTALL_PROGRAM='${INSTALL}'
INSTALL_SCRIPT='${INSTALL}'
INSTALL_STRIP_PROGRAM='$(install_sh) -c -s'
INTLLIBS=''
INTL_MACOSX_LIBS=''
LD='/home/jake/programming/repos/cuoc_cho_am/build/sw/vm/host/bin/x86_64-buildroot-linux-gnu-ld -m elf_x86_64'
LDFLAGS=''
LIBICONV='-liconv'
LIBINTL=''
LIBOBJS=''
LIBRT='-lrt'
LIBS='-lasound -lm -lpthread'
LIBTOOL='$(SHELL) $(top_builddir)/libtool'
LIPO=''
LN_S='ln -s'
LTLIBICONV='-liconv'
LTLIBINTL=''
LTLIBOBJS=''
LT_SYS_LIBRARY_PATH=''
MAINT=''
MAINTAINER_MODE_FALSE='#'
MAINTAINER_MODE_TRUE=''
MAKEINFO='${SHELL} '\''/home/jake/programming/repos/cuoc_cho_am/build/sw/vm/build/alsa-utils-1.2.11/missing'\'' makeinfo'
MANIFEST_TOOL=':'
MKDIR_P='/usr/bin/mkdir -p'
MSGFMT='/home/jake/programming/repos/cuoc_cho_am/build/sw/vm/host/bin/msgfmt'
MSGMERGE='/home/jake/programming/repos/cuoc_cho_am/build/sw/vm/host/bin/msgmerge'
MSGMERGE_FOR_MSGFMT_OPTION='--no-location --quiet'
NCURSESW_CFLAGS=''
NCURSESW_LIBS=''
NCURSES_CFLAGS='-D_DEFAULT_SOURCE -D_XOPEN_SOURCE=600 '
NCURSES_LIBS='-lncurses '
NHLT_FALSE='#'
NHLT_TRUE=''
NM='/home/jake/programming/repos/cuoc_cho_am/build/sw/vm/host/bin/x86_64-buildroot-linux-gnu-gcc-nm'
NMEDIT=''
OBJDUMP='/home/jake/programming/repos/cuoc_cho_am/build/sw/vm/host/bin/x86_64-buildroot-linux-gnu-objdump'
OBJEXT='o'
OTOOL64=''
OTOOL=''
PACKAGE='alsa-utils'
PACKAGE_BUGREPORT=''
PACKAGE_NAME='alsa-utils'
PACKAGE_STRING='alsa-utils 1.2.11'
PACKAGE_TARNAME='alsa-utils'
PACKAGE_URL=''
PACKAGE_VERSION='1.2.11'
PATH_SEPARATOR=':'
PKG_CONFIG='/home/jake/programming/repos/cuoc_cho_am/build/sw/vm/host/bin/pkg-config'
PKG_CONFIG_LIBDIR=''
PKG_CONFIG_PATH=''
POSUB=''
RANLIB='/home/jake/programming/repos/cuoc_cho_am/build/sw/vm/host/bin/x86_64-buildroot-linux-gnu-gcc-ranlib'
SED='/usr/bin/sed'
SET_MAKE=''
SHELL='/bin/sh'
SND_UTIL_MAJOR='1'
SND_UTIL_MINOR='2'
SND_UTIL_SUBMINOR='11'
SND_UTIL_VERSION='1.2.11'
STRIP='/bin/true'
SYSTEMD_CFLAGS=''
SYSTEMD_LIBS=''
TESTSOUND='/usr/share/test.wav'
USE_NLS='no'
USE_RST2MAN_FALSE=''
USE_RST2MAN_TRUE='#'
USE_XMLTO_FALSE=''
USE_XMLTO_TRUE='#'
VERSION='1.2.11'
XGETTEXT='/home/jake/programming/repos/cuoc_cho_am/build/sw/vm/host/bin/xgettext'
XGETTEXT_015='/home/jake/programming/repos/cuoc_cho_am/build/sw/vm/host/bin/xgettext'
XGETTEXT_EXTRA_OPTIONS=''
ac_ct_AR=''
ac_ct_CC=''
ac_ct_DUMPBIN=''
am__EXEEXT_FALSE=''
am__EXEEXT_TRUE='#'
am__fastdepCC_FALSE=''
am__fastdepCC_TRUE='#'
am__include='include'
am__isrc=''
am__leading_dot='.'
am__nodep=''
am__quote=''
am__tar='$${TAR-tar} chof - "$$tardir"'
am__untar='$${TAR-tar} xf -'
bindir='${exec_prefix}/bin'
build='x86_64-pc-linux-gnu'
build_alias='x86_64-pc-linux-gnu'
build_cpu='x86_64'
build_os='linux-gnu'
build_vendor='pc'
datadir='${datarootdir}'
datarootdir='${prefix}/share'
docdir='${datarootdir}/doc/${PACKAGE_TARNAME}'
dvidir='${docdir}'
exec_prefix='/usr'
host='x86_64-buildroot-linux-gnu'
host_alias='x86_64-buildroot-linux-gnu'
host_cpu='x86_64'
host_os='linux-gnu'
host_vendor='buildroot'
htmldir='${docdir}'
includedir='${prefix}/include'
infodir='${datarootdir}/info'
install_sh='${SHELL} /home/jake/programming/repos/cuoc_cho_am/build/sw/vm/build/alsa-utils-1.2.11/install-sh'
libdir='${exec_prefix}/lib'
libexecdir='${exec_prefix}/libexec'
localedir='${datarootdir}/locale'
localstatedir='/var'
mandir='${datarootdir}/man'
mkdir_p='$(MKDIR_P)'
mydatadir='/usr/share/alsa'
ncurses5_config=''
ncursesw5_config=''
oldincludedir='/usr/include'
pdfdir='${docdir}'
prefix='/usr'
program_transform_name='s&^&&'
psdir='${docdir}'
rst2man_available=''
runstatedir='${localstatedir}/run'
sbindir='${exec_prefix}/sbin'
sharedstatedir='${prefix}/com'
sysconfdir='/etc'
systemdsystemunitdir=''
target_alias='x86_64-buildroot-linux-gnu'
udevrulesdir='/lib/udev/rules.d'
xmlto_available=''

## ----------- ##
## confdefs.h. ##
## ----------- ##

/* confdefs.h */
#define PACKAGE_NAME "alsa-utils"
#define PACKAGE_TARNAME "alsa-utils"
#define PACKAGE_VERSION "1.2.11"
#define PACKAGE_STRING "alsa-utils 1.2.11"
#define PACKAGE_BUGREPORT ""
#define PACKAGE_URL ""
#define PACKAGE "alsa-utils"
#define VERSION "1.2.11"
#define HAVE_STDIO_H 1
#define HAVE_STDLIB_H 1
#define HAVE_STRING_H 1
#define HAVE_INTTYPES_H 1
#define HAVE_STDINT_H 1
#define HAVE_STRINGS_H 1
#define HAVE_SYS_STAT_H 1
#define HAVE_SYS_TYPES_H 1
#define HAVE_UNISTD_H 1
#define HAVE_SYS_TIME_H 1
#define STDC_HEADERS 1
#define HAVE_DLFCN_H 1
#define LT_OBJDIR ".libs/"
#define HAVE_LIBASOUND 1
#define HAVE_LIBATOPOLOGY 1
#define HAVE_DLFCN_H 1
#define HAVE_MALLOC_H 1
#define HAVE_ALSA_PCM_H 1
#define HAVE_ALSA_MIXER_H 1
#define HAVE_ALSA_RAWMIDI_H 1
#define HAVE_ALSA_SEQ_H 1
#define HAVE_ALSA_USE_CASE_H 1
#define HAVE_ALSA_TOPOLOGY_H 1
#define HAVE_SEQ_CLIENT_INFO_GET_CARD 1
#define HAVE_SEQ_CLIENT_INFO_GET_PID 1
#define HAVE_SEQ_CLIENT_INFO_GET_MIDI_VERSION 1
#define HAVE_MEMFD_CREATE 1
#define HAVE_LIBRT 1
#define HAVE_CLOCK_GETTIME 1
#define HAVE_CURSES_ESCDELAY 1
#define HAVE_PANEL_H 1
#define HAVE_MENU_H 1
#define HAVE_FORM_H 1
#define SOUNDSDIR "/usr/share/sounds/alsa"
#define DATADIR "/usr/share/alsa"
#define TIME_WITH_SYS_TIME 1
#define VERSION "1.2.11"
#define ALSA_TOPOLOGY_PLUGIN_DIR "/usr/lib/alsa-topology"

configure: exit 0
