This file contains any messages produced by compilers while
running configure, to aid debugging if configure makes a mistake.

It was created by alsa-lib configure 1.2.11, which was
generated by GNU Autoconf 2.72.  Invocation command line was

  $ ./configure --target=x86_64-buildroot-linux-gnu --host=x86_64-buildroot-linux-gnu --build=x86_64-pc-linux-gnu --prefix=/usr --exec-prefix=/usr --sysconfdir=/etc --localstatedir=/var --program-prefix= --disable-gtk-doc --disable-gtk-doc-html --disable-doc --disable-docs --disable-documentation --with-xmlto=no --with-fop=no --disable-dependency-tracking --enable-ipv6 --disable-nls --disable-static --enable-shared -q --with-alsa-devdir=/dev/snd --with-pcm-plugins=all --with-ctl-plugins=all --enable-static=no --disable-python

## --------- ##
## Platform. ##
## --------- ##

hostname = desktop
uname -m = x86_64
uname -r = 6.12.7-arch1-1
uname -s = Linux
uname -v = #1 SMP PREEMPT_DYNAMIC Fri, 27 Dec 2024 14:24:37 +0000

/usr/bin/uname -p = unknown
/bin/uname -X     = unknown

/bin/arch              = unknown
/usr/bin/arch -k       = unknown
/usr/convex/getsysinfo = unknown
/usr/bin/hostinfo      = unknown
/bin/machine           = unknown
/usr/bin/oslevel       = unknown
/bin/universe          = unknown

PATH: /home/jake/programming/repos/cuoc_cho_am/build/sw/vm/host/bin/
PATH: /home/jake/programming/repos/cuoc_cho_am/build/sw/vm/host/sbin/
PATH: /opt/xilinx/Vitis_HLS/2023.2/bin/
PATH: /opt/xilinx/Model_Composer/2023.2/bin/
PATH: /opt/xilinx/DocNav/
PATH: /opt/xilinx/Vivado/2023.2/bin/
PATH: /opt/xilinx/Vitis_HLS/2023.2/bin/
PATH: /opt/xilinx/Model_Composer/2023.2/bin/
PATH: /opt/xilinx/DocNav/
PATH: /opt/xilinx/Vivado/2023.2/bin/
PATH: /usr/local/sbin/
PATH: /usr/local/bin/
PATH: /usr/bin/
PATH: /usr/lib/jvm/default/bin/
PATH: /usr/bin/site_perl/
PATH: /usr/bin/vendor_perl/
PATH: /usr/bin/core_perl/
PATH: /home/jake/.local/bin/
PATH: /home/jake/programming/shell/
PATH: /home/jake/.local/bin/
PATH: /home/jake/programming/shell/


## ----------- ##
## Core tests. ##
## ----------- ##

configure:2673: looking for aux files: ltmain.sh compile missing install-sh config.guess config.sub
configure:2686:  trying ./
configure:2715:   ./ltmain.sh found
configure:2715:   ./compile found
configure:2715:   ./missing found
configure:2697:   ./install-sh found
configure:2715:   ./config.guess found
configure:2715:   ./config.sub found
configure:2838: checking build system type
configure:2854: result: x86_64-pc-linux-gnu
configure:2874: checking host system type
configure:2889: result: x86_64-buildroot-linux-gnu
configure:2926: checking for a BSD-compatible install
configure:3000: result: /usr/bin/install -c
configure:3011: checking whether build environment is sane
configure:3066: result: yes
configure:3122: checking for x86_64-buildroot-linux-gnu-strip
configure:3155: result: /bin/true
configure:3227: checking for a race-free mkdir -p
configure:3270: result: /usr/bin/mkdir -p
configure:3277: checking for gawk
configure:3298: found /home/jake/programming/repos/cuoc_cho_am/build/sw/vm/host/bin/gawk
configure:3310: result: gawk
configure:3321: checking whether make sets $(MAKE)
configure:3345: result: yes
configure:3375: checking whether make supports nested variables
configure:3394: result: yes
configure:3541: checking whether to enable maintainer-specific portions of Makefiles
configure:3552: result: yes
configure:3579: checking whether make supports nested variables
configure:3598: result: yes
configure:3630: checking for x86_64-buildroot-linux-gnu-gcc
configure:3663: result: /home/jake/programming/repos/cuoc_cho_am/build/sw/vm/host/bin/x86_64-buildroot-linux-gnu-gcc
configure:4068: checking for C compiler version
configure:4077: /home/jake/programming/repos/cuoc_cho_am/build/sw/vm/host/bin/x86_64-buildroot-linux-gnu-gcc --version >&5
x86_64-buildroot-linux-gnu-gcc.br_real (Buildroot 2024.05.1-40-g50b13c9f86) 13.3.0
Copyright (C) 2023 Free Software Foundation, Inc.
This is free software; see the source for copying conditions.  There is NO
warranty; not even for MERCHANTABILITY or FITNESS FOR A PARTICULAR PURPOSE.

configure:4088: $? = 0
configure:4077: /home/jake/programming/repos/cuoc_cho_am/build/sw/vm/host/bin/x86_64-buildroot-linux-gnu-gcc -v >&5
Using built-in specs.
COLLECT_GCC=/home/jake/programming/repos/cuoc_cho_am/build/sw/vm/host/bin/x86_64-buildroot-linux-gnu-gcc.br_real
COLLECT_LTO_WRAPPER=/home/jake/programming/repos/cuoc_cho_am/build/sw/vm/host/libexec/gcc/x86_64-buildroot-linux-gnu/13.3.0/lto-wrapper
Target: x86_64-buildroot-linux-gnu
Configured with: ./configure --prefix=/home/jake/programming/repos/cuoc_cho_am/build/sw/vm/host --sysconfdir=/home/jake/programming/repos/cuoc_cho_am/build/sw/vm/host/etc --enable-static -q --target=x86_64-buildroot-linux-gnu --with-sysroot=/home/jake/programming/repos/cuoc_cho_am/build/sw/vm/host/x86_64-buildroot-linux-gnu/sysroot --enable-__cxa_atexit --with-gnu-ld --disable-libssp --disable-multilib --disable-decimal-float --enable-plugins --enable-lto --with-gmp=/home/jake/programming/repos/cuoc_cho_am/build/sw/vm/host --with-mpc=/home/jake/programming/repos/cuoc_cho_am/build/sw/vm/host --with-mpfr=/home/jake/programming/repos/cuoc_cho_am/build/sw/vm/host --with-pkgversion='Buildroot 2024.05.1-40-g50b13c9f86' --with-bugurl=http://bugs.buildroot.net/ --without-zstd --enable-libquadmath --enable-libquadmath-support --enable-tls --enable-threads --without-isl --without-cloog --with-arch=x86-64 --enable-languages=c,c++ --with-build-time-tools=/home/jake/programming/repos/cuoc_cho_am/build/sw/vm/host/x86_64-buildroot-linux-gnu/bin --enable-shared --disable-libgomp --silent
Thread model: posix
Supported LTO compression algorithms: zlib
gcc version 13.3.0 (Buildroot 2024.05.1-40-g50b13c9f86) 
COMPILER_PATH=/home/jake/programming/repos/cuoc_cho_am/build/sw/vm/host/libexec/gcc/x86_64-buildroot-linux-gnu/13.3.0/:/home/jake/programming/repos/cuoc_cho_am/build/sw/vm/host/libexec/gcc/x86_64-buildroot-linux-gnu/13.3.0/:/home/jake/programming/repos/cuoc_cho_am/build/sw/vm/host/libexec/gcc/x86_64-buildroot-linux-gnu/:/home/jake/programming/repos/cuoc_cho_am/build/sw/vm/host/lib/gcc/x86_64-buildroot-linux-gnu/13.3.0/:/home/jake/programming/repos/cuoc_cho_am/build/sw/vm/host/lib/gcc/x86_64-buildroot-linux-gnu/:/home/jake/programming/repos/cuoc_cho_am/build/sw/vm/host/lib/gcc/x86_64-buildroot-linux-gnu/13.3.0/../../../../x86_64-buildroot-linux-gnu/bin/
LIBRARY_PATH=/home/jake/programming/repos/cuoc_cho_am/build/sw/vm/host/lib/gcc/x86_64-buildroot-linux-gnu/13.3.0/:/home/jake/programming/repos/cuoc_cho_am/build/sw/vm/host/lib/gcc/x86_64-buildroot-linux-gnu/13.3.0/../../../../x86_64-buildroot-linux-gnu/lib/../lib64/:/home/jake/programming/repos/cuoc_cho_am/build/sw/vm/host/x86_64-buildroot-linux-gnu/sysroot/lib/../lib64/:/home/jake/programming/repos/cuoc_cho_am/build/sw/vm/host/x86_64-buildroot-linux-gnu/sysroot/usr/lib/../lib64/:/home/jake/programming/repos/cuoc_cho_am/build/sw/vm/host/lib/gcc/x86_64-buildroot-linux-gnu/13.3.0/../../../../x86_64-buildroot-linux-gnu/lib/:/home/jake/programming/repos/cuoc_cho_am/build/sw/vm/host/x86_64-buildroot-linux-gnu/sysroot/lib/:/home/jake/programming/repos/cuoc_cho_am/build/sw/vm/host/x86_64-buildroot-linux-gnu/sysroot/usr/lib/
... rest of stderr output deleted ...
configure:4088: $? = 1
configure:4077: /home/jake/programming/repos/cuoc_cho_am/build/sw/vm/host/bin/x86_64-buildroot-linux-gnu-gcc -V >&5
x86_64-buildroot-linux-gnu-gcc.br_real: error: unrecognized command-line option '-V'
configure:4088: $? = 1
configure:4077: /home/jake/programming/repos/cuoc_cho_am/build/sw/vm/host/bin/x86_64-buildroot-linux-gnu-gcc -qversion >&5
x86_64-buildroot-linux-gnu-gcc.br_real: error: unrecognized command-line option '-qversion'; did you mean '--version'?
configure:4088: $? = 1
configure:4077: /home/jake/programming/repos/cuoc_cho_am/build/sw/vm/host/bin/x86_64-buildroot-linux-gnu-gcc -version >&5
x86_64-buildroot-linux-gnu-gcc.br_real: error: unrecognized command-line option '-version'
configure:4088: $? = 1
configure:4108: checking whether the C compiler works
configure:4130: /home/jake/programming/repos/cuoc_cho_am/build/sw/vm/host/bin/x86_64-buildroot-linux-gnu-gcc -D_LARGEFILE_SOURCE -D_LARGEFILE64_SOURCE -D_FILE_OFFSET_BITS=64  -Og -g2 -D_FORTIFY_SOURCE=1 -D_LARGEFILE_SOURCE -D_LARGEFILE64_SOURCE -D_FILE_OFFSET_BITS=64  -lm conftest.c  >&5
configure:4134: $? = 0
configure:4185: result: yes
configure:4189: checking for C compiler default output file name
configure:4191: result: a.out
configure:4197: checking for suffix of executables
configure:4204: /home/jake/programming/repos/cuoc_cho_am/build/sw/vm/host/bin/x86_64-buildroot-linux-gnu-gcc -o conftest -D_LARGEFILE_SOURCE -D_LARGEFILE64_SOURCE -D_FILE_OFFSET_BITS=64  -Og -g2 -D_FORTIFY_SOURCE=1 -D_LARGEFILE_SOURCE -D_LARGEFILE64_SOURCE -D_FILE_OFFSET_BITS=64  -lm conftest.c  >&5
configure:4208: $? = 0
configure:4232: result: 
configure:4256: checking whether we are cross compiling
configure:4294: result: yes
configure:4300: checking for suffix of object files
configure:4323: /home/jake/programming/repos/cuoc_cho_am/build/sw/vm/host/bin/x86_64-buildroot-linux-gnu-gcc -c -D_LARGEFILE_SOURCE -D_LARGEFILE64_SOURCE -D_FILE_OFFSET_BITS=64  -Og -g2 -D_FORTIFY_SOURCE=1 -D_LARGEFILE_SOURCE -D_LARGEFILE64_SOURCE -D_FILE_OFFSET_BITS=64 conftest.c >&5
configure:4327: $? = 0
configure:4351: result: o
configure:4355: checking whether the compiler supports GNU C
configure:4375: /home/jake/programming/repos/cuoc_cho_am/build/sw/vm/host/bin/x86_64-buildroot-linux-gnu-gcc -c -D_LARGEFILE_SOURCE -D_LARGEFILE64_SOURCE -D_FILE_OFFSET_BITS=64  -Og -g2 -D_FORTIFY_SOURCE=1 -D_LARGEFILE_SOURCE -D_LARGEFILE64_SOURCE -D_FILE_OFFSET_BITS=64 conftest.c >&5
configure:4375: $? = 0
configure:4387: result: yes
configure:4398: checking whether /home/jake/programming/repos/cuoc_cho_am/build/sw/vm/host/bin/x86_64-buildroot-linux-gnu-gcc accepts -g
configure:4419: /home/jake/programming/repos/cuoc_cho_am/build/sw/vm/host/bin/x86_64-buildroot-linux-gnu-gcc -c -g -D_LARGEFILE_SOURCE -D_LARGEFILE64_SOURCE -D_FILE_OFFSET_BITS=64 conftest.c >&5
configure:4419: $? = 0
configure:4466: result: yes
configure:4486: checking for /home/jake/programming/repos/cuoc_cho_am/build/sw/vm/host/bin/x86_64-buildroot-linux-gnu-gcc option to enable C11 features
configure:4501: /home/jake/programming/repos/cuoc_cho_am/build/sw/vm/host/bin/x86_64-buildroot-linux-gnu-gcc  -c -D_LARGEFILE_SOURCE -D_LARGEFILE64_SOURCE -D_FILE_OFFSET_BITS=64  -Og -g2 -D_FORTIFY_SOURCE=1 -D_LARGEFILE_SOURCE -D_LARGEFILE64_SOURCE -D_FILE_OFFSET_BITS=64 conftest.c >&5
configure:4501: $? = 0
configure:4520: result: none needed
configure:4644: checking whether /home/jake/programming/repos/cuoc_cho_am/build/sw/vm/host/bin/x86_64-buildroot-linux-gnu-gcc understands -c and -o together
configure:4667: /home/jake/programming/repos/cuoc_cho_am/build/sw/vm/host/bin/x86_64-buildroot-linux-gnu-gcc -c conftest.c -o conftest2.o
configure:4670: $? = 0
configure:4667: /home/jake/programming/repos/cuoc_cho_am/build/sw/vm/host/bin/x86_64-buildroot-linux-gnu-gcc -c conftest.c -o conftest2.o
configure:4670: $? = 0
configure:4683: result: yes
configure:4703: checking whether make supports the include directive
configure:4718: make -f confmf.GNU && cat confinc.out
make[5]: Entering directory '/home/jake/programming/repos/cuoc_cho_am/build/sw/vm/build/alsa-lib-1.2.11'
make[5]: Leaving directory '/home/jake/programming/repos/cuoc_cho_am/build/sw/vm/build/alsa-lib-1.2.11'
this is the am__doit target
configure:4721: $? = 0
configure:4740: result: yes (GNU style)
configure:4766: checking dependency style of /home/jake/programming/repos/cuoc_cho_am/build/sw/vm/host/bin/x86_64-buildroot-linux-gnu-gcc
configure:4879: result: none
configure:4899: checking how to run the C preprocessor
configure:4970: result: /home/jake/programming/repos/cuoc_cho_am/build/sw/vm/host/bin/x86_64-buildroot-linux-gnu-cpp
configure:4984: /home/jake/programming/repos/cuoc_cho_am/build/sw/vm/host/bin/x86_64-buildroot-linux-gnu-cpp -D_LARGEFILE_SOURCE -D_LARGEFILE64_SOURCE -D_FILE_OFFSET_BITS=64 conftest.c
configure:4984: $? = 0
configure:5000: /home/jake/programming/repos/cuoc_cho_am/build/sw/vm/host/bin/x86_64-buildroot-linux-gnu-cpp -D_LARGEFILE_SOURCE -D_LARGEFILE64_SOURCE -D_FILE_OFFSET_BITS=64 conftest.c
conftest.c:11:10: fatal error: ac_nonexistent.h: No such file or directory
   11 | #include <ac_nonexistent.h>
      |          ^~~~~~~~~~~~~~~~~~
compilation terminated.
configure:5000: $? = 1
configure: failed program was:
| /* confdefs.h */
| #define PACKAGE_NAME "alsa-lib"
| #define PACKAGE_TARNAME "alsa-lib"
| #define PACKAGE_VERSION "1.2.11"
| #define PACKAGE_STRING "alsa-lib 1.2.11"
| #define PACKAGE_BUGREPORT ""
| #define PACKAGE_URL ""
| #define PACKAGE "alsa-lib"
| #define VERSION "1.2.11"
| /* end confdefs.h.  */
| #include <ac_nonexistent.h>
configure:5037: checking for stdio.h
configure:5037: /home/jake/programming/repos/cuoc_cho_am/build/sw/vm/host/bin/x86_64-buildroot-linux-gnu-gcc -c -D_LARGEFILE_SOURCE -D_LARGEFILE64_SOURCE -D_FILE_OFFSET_BITS=64  -Og -g2 -D_FORTIFY_SOURCE=1 -D_LARGEFILE_SOURCE -D_LARGEFILE64_SOURCE -D_FILE_OFFSET_BITS=64 conftest.c >&5
configure:5037: $? = 0
configure:5037: result: yes
configure:5037: checking for stdlib.h
configure:5037: /home/jake/programming/repos/cuoc_cho_am/build/sw/vm/host/bin/x86_64-buildroot-linux-gnu-gcc -c -D_LARGEFILE_SOURCE -D_LARGEFILE64_SOURCE -D_FILE_OFFSET_BITS=64  -Og -g2 -D_FORTIFY_SOURCE=1 -D_LARGEFILE_SOURCE -D_LARGEFILE64_SOURCE -D_FILE_OFFSET_BITS=64 conftest.c >&5
configure:5037: $? = 0
configure:5037: result: yes
configure:5037: checking for string.h
configure:5037: /home/jake/programming/repos/cuoc_cho_am/build/sw/vm/host/bin/x86_64-buildroot-linux-gnu-gcc -c -D_LARGEFILE_SOURCE -D_LARGEFILE64_SOURCE -D_FILE_OFFSET_BITS=64  -Og -g2 -D_FORTIFY_SOURCE=1 -D_LARGEFILE_SOURCE -D_LARGEFILE64_SOURCE -D_FILE_OFFSET_BITS=64 conftest.c >&5
configure:5037: $? = 0
configure:5037: result: yes
configure:5037: checking for inttypes.h
configure:5037: /home/jake/programming/repos/cuoc_cho_am/build/sw/vm/host/bin/x86_64-buildroot-linux-gnu-gcc -c -D_LARGEFILE_SOURCE -D_LARGEFILE64_SOURCE -D_FILE_OFFSET_BITS=64  -Og -g2 -D_FORTIFY_SOURCE=1 -D_LARGEFILE_SOURCE -D_LARGEFILE64_SOURCE -D_FILE_OFFSET_BITS=64 conftest.c >&5
configure:5037: $? = 0
configure:5037: result: yes
configure:5037: checking for stdint.h
configure:5037: /home/jake/programming/repos/cuoc_cho_am/build/sw/vm/host/bin/x86_64-buildroot-linux-gnu-gcc -c -D_LARGEFILE_SOURCE -D_LARGEFILE64_SOURCE -D_FILE_OFFSET_BITS=64  -Og -g2 -D_FORTIFY_SOURCE=1 -D_LARGEFILE_SOURCE -D_LARGEFILE64_SOURCE -D_FILE_OFFSET_BITS=64 conftest.c >&5
configure:5037: $? = 0
configure:5037: result: yes
configure:5037: checking for strings.h
configure:5037: /home/jake/programming/repos/cuoc_cho_am/build/sw/vm/host/bin/x86_64-buildroot-linux-gnu-gcc -c -D_LARGEFILE_SOURCE -D_LARGEFILE64_SOURCE -D_FILE_OFFSET_BITS=64  -Og -g2 -D_FORTIFY_SOURCE=1 -D_LARGEFILE_SOURCE -D_LARGEFILE64_SOURCE -D_FILE_OFFSET_BITS=64 conftest.c >&5
configure:5037: $? = 0
configure:5037: result: yes
configure:5037: checking for sys/stat.h
configure:5037: /home/jake/programming/repos/cuoc_cho_am/build/sw/vm/host/bin/x86_64-buildroot-linux-gnu-gcc -c -D_LARGEFILE_SOURCE -D_LARGEFILE64_SOURCE -D_FILE_OFFSET_BITS=64  -Og -g2 -D_FORTIFY_SOURCE=1 -D_LARGEFILE_SOURCE -D_LARGEFILE64_SOURCE -D_FILE_OFFSET_BITS=64 conftest.c >&5
configure:5037: $? = 0
configure:5037: result: yes
configure:5037: checking for sys/types.h
configure:5037: /home/jake/programming/repos/cuoc_cho_am/build/sw/vm/host/bin/x86_64-buildroot-linux-gnu-gcc -c -D_LARGEFILE_SOURCE -D_LARGEFILE64_SOURCE -D_FILE_OFFSET_BITS=64  -Og -g2 -D_FORTIFY_SOURCE=1 -D_LARGEFILE_SOURCE -D_LARGEFILE64_SOURCE -D_FILE_OFFSET_BITS=64 conftest.c >&5
configure:5037: $? = 0
configure:5037: result: yes
configure:5037: checking for unistd.h
configure:5037: /home/jake/programming/repos/cuoc_cho_am/build/sw/vm/host/bin/x86_64-buildroot-linux-gnu-gcc -c -D_LARGEFILE_SOURCE -D_LARGEFILE64_SOURCE -D_FILE_OFFSET_BITS=64  -Og -g2 -D_FORTIFY_SOURCE=1 -D_LARGEFILE_SOURCE -D_LARGEFILE64_SOURCE -D_FILE_OFFSET_BITS=64 conftest.c >&5
configure:5037: $? = 0
configure:5037: result: yes
configure:5037: checking for wchar.h
configure:5037: /home/jake/programming/repos/cuoc_cho_am/build/sw/vm/host/bin/x86_64-buildroot-linux-gnu-gcc -c -D_LARGEFILE_SOURCE -D_LARGEFILE64_SOURCE -D_FILE_OFFSET_BITS=64  -Og -g2 -D_FORTIFY_SOURCE=1 -D_LARGEFILE_SOURCE -D_LARGEFILE64_SOURCE -D_FILE_OFFSET_BITS=64 conftest.c >&5
configure:5037: $? = 0
configure:5037: result: yes
configure:5037: checking for minix/config.h
configure:5037: /home/jake/programming/repos/cuoc_cho_am/build/sw/vm/host/bin/x86_64-buildroot-linux-gnu-gcc -c -D_LARGEFILE_SOURCE -D_LARGEFILE64_SOURCE -D_FILE_OFFSET_BITS=64  -Og -g2 -D_FORTIFY_SOURCE=1 -D_LARGEFILE_SOURCE -D_LARGEFILE64_SOURCE -D_FILE_OFFSET_BITS=64 conftest.c >&5
conftest.c:49:10: fatal error: minix/config.h: No such file or directory
   49 | #include <minix/config.h>
      |          ^~~~~~~~~~~~~~~~
compilation terminated.
configure:5037: $? = 1
configure: failed program was:
| /* confdefs.h */
| #define PACKAGE_NAME "alsa-lib"
| #define PACKAGE_TARNAME "alsa-lib"
| #define PACKAGE_VERSION "1.2.11"
| #define PACKAGE_STRING "alsa-lib 1.2.11"
| #define PACKAGE_BUGREPORT ""
| #define PACKAGE_URL ""
| #define PACKAGE "alsa-lib"
| #define VERSION "1.2.11"
| #define HAVE_STDIO_H 1
| #define HAVE_STDLIB_H 1
| #define HAVE_STRING_H 1
| #define HAVE_INTTYPES_H 1
| #define HAVE_STDINT_H 1
| #define HAVE_STRINGS_H 1
| #define HAVE_SYS_STAT_H 1
| #define HAVE_SYS_TYPES_H 1
| #define HAVE_UNISTD_H 1
| #define HAVE_WCHAR_H 1
| /* end confdefs.h.  */
| #include <stddef.h>
| #ifdef HAVE_STDIO_H
| # include <stdio.h>
| #endif
| #ifdef HAVE_STDLIB_H
| # include <stdlib.h>
| #endif
| #ifdef HAVE_STRING_H
| # include <string.h>
| #endif
| #ifdef HAVE_INTTYPES_H
| # include <inttypes.h>
| #endif
| #ifdef HAVE_STDINT_H
| # include <stdint.h>
| #endif
| #ifdef HAVE_STRINGS_H
| # include <strings.h>
| #endif
| #ifdef HAVE_SYS_TYPES_H
| # include <sys/types.h>
| #endif
| #ifdef HAVE_SYS_STAT_H
| # include <sys/stat.h>
| #endif
| #ifdef HAVE_UNISTD_H
| # include <unistd.h>
| #endif
| #include <minix/config.h>
configure:5037: result: no
configure:5037: checking for sys/time.h
configure:5037: /home/jake/programming/repos/cuoc_cho_am/build/sw/vm/host/bin/x86_64-buildroot-linux-gnu-gcc -c -D_LARGEFILE_SOURCE -D_LARGEFILE64_SOURCE -D_FILE_OFFSET_BITS=64  -Og -g2 -D_FORTIFY_SOURCE=1 -D_LARGEFILE_SOURCE -D_LARGEFILE64_SOURCE -D_FILE_OFFSET_BITS=64 conftest.c >&5
configure:5037: $? = 0
configure:5037: result: yes
configure:5068: checking whether it is safe to define __EXTENSIONS__
configure:5087: /home/jake/programming/repos/cuoc_cho_am/build/sw/vm/host/bin/x86_64-buildroot-linux-gnu-gcc -c -D_LARGEFILE_SOURCE -D_LARGEFILE64_SOURCE -D_FILE_OFFSET_BITS=64  -Og -g2 -D_FORTIFY_SOURCE=1 -D_LARGEFILE_SOURCE -D_LARGEFILE64_SOURCE -D_FILE_OFFSET_BITS=64 conftest.c >&5
configure:5087: $? = 0
configure:5097: result: yes
configure:5100: checking whether _XOPEN_SOURCE should be defined
configure:5122: /home/jake/programming/repos/cuoc_cho_am/build/sw/vm/host/bin/x86_64-buildroot-linux-gnu-gcc -c -D_LARGEFILE_SOURCE -D_LARGEFILE64_SOURCE -D_FILE_OFFSET_BITS=64  -Og -g2 -D_FORTIFY_SOURCE=1 -D_LARGEFILE_SOURCE -D_LARGEFILE64_SOURCE -D_FILE_OFFSET_BITS=64 conftest.c >&5
configure:5122: $? = 0
configure:5151: result: no
configure:5211: checking whether ln -s works
configure:5215: result: yes
configure:5306: checking how to print strings
configure:5333: result: printf
configure:5354: checking for a sed that does not truncate output
configure:5426: result: /usr/bin/sed
configure:5444: checking for grep that handles long lines and -e
configure:5510: result: /usr/bin/grep
configure:5515: checking for egrep
configure:5585: result: /usr/bin/grep -E
configure:5592: checking for fgrep
configure:5662: result: /usr/bin/grep -F
configure:5699: checking for ld used by /home/jake/programming/repos/cuoc_cho_am/build/sw/vm/host/bin/x86_64-buildroot-linux-gnu-gcc
configure:5768: result: /home/jake/programming/repos/cuoc_cho_am/build/sw/vm/host/bin/x86_64-buildroot-linux-gnu-ld
configure:5775: checking if the linker (/home/jake/programming/repos/cuoc_cho_am/build/sw/vm/host/bin/x86_64-buildroot-linux-gnu-ld) is GNU ld
configure:5792: result: yes
configure:5804: checking for BSD- or MS-compatible name lister (nm)
configure:5860: result: /home/jake/programming/repos/cuoc_cho_am/build/sw/vm/host/bin/x86_64-buildroot-linux-gnu-gcc-nm
configure:6002: checking the name lister (/home/jake/programming/repos/cuoc_cho_am/build/sw/vm/host/bin/x86_64-buildroot-linux-gnu-gcc-nm) interface
configure:6010: /home/jake/programming/repos/cuoc_cho_am/build/sw/vm/host/bin/x86_64-buildroot-linux-gnu-gcc -c -D_LARGEFILE_SOURCE -D_LARGEFILE64_SOURCE -D_FILE_OFFSET_BITS=64  -Og -g2 -D_FORTIFY_SOURCE=1 -D_LARGEFILE_SOURCE -D_LARGEFILE64_SOURCE -D_FILE_OFFSET_BITS=64 conftest.c >&5
configure:6013: /home/jake/programming/repos/cuoc_cho_am/build/sw/vm/host/bin/x86_64-buildroot-linux-gnu-gcc-nm "conftest.o"
configure:6016: output
0000000000000000 B some_variable
configure:6024: result: BSD nm
configure:6028: checking the maximum length of command line arguments
configure:6161: result: 1572864
configure:6209: checking how to convert x86_64-pc-linux-gnu file names to x86_64-buildroot-linux-gnu format
configure:6251: result: func_convert_file_noop
configure:6258: checking how to convert x86_64-pc-linux-gnu file names to toolchain format
configure:6280: result: func_convert_file_noop
configure:6287: checking for /home/jake/programming/repos/cuoc_cho_am/build/sw/vm/host/bin/x86_64-buildroot-linux-gnu-ld option to reload object files
configure:6296: result: -r
configure:6330: checking for x86_64-buildroot-linux-gnu-objdump
configure:6363: result: /home/jake/programming/repos/cuoc_cho_am/build/sw/vm/host/bin/x86_64-buildroot-linux-gnu-objdump
configure:6441: checking how to recognize dependent libraries
configure:6643: result: pass_all
configure:6688: checking for x86_64-buildroot-linux-gnu-dlltool
configure:6724: result: no
configure:6734: checking for dlltool
configure:6770: result: no
configure:6800: checking how to associate runtime and link libraries
configure:6829: result: printf %s\n
configure:6845: checking for x86_64-buildroot-linux-gnu-ar
configure:6878: result: /home/jake/programming/repos/cuoc_cho_am/build/sw/vm/host/bin/x86_64-buildroot-linux-gnu-gcc-ar
configure:6965: checking for archiver @FILE support
configure:6983: /home/jake/programming/repos/cuoc_cho_am/build/sw/vm/host/bin/x86_64-buildroot-linux-gnu-gcc -c -D_LARGEFILE_SOURCE -D_LARGEFILE64_SOURCE -D_FILE_OFFSET_BITS=64  -Og -g2 -D_FORTIFY_SOURCE=1 -D_LARGEFILE_SOURCE -D_LARGEFILE64_SOURCE -D_FILE_OFFSET_BITS=64 conftest.c >&5
configure:6983: $? = 0
configure:6987: /home/jake/programming/repos/cuoc_cho_am/build/sw/vm/host/bin/x86_64-buildroot-linux-gnu-gcc-ar cru libconftest.a @conftest.lst >&5
configure:6990: $? = 0
configure:6995: /home/jake/programming/repos/cuoc_cho_am/build/sw/vm/host/bin/x86_64-buildroot-linux-gnu-gcc-ar cru libconftest.a @conftest.lst >&5
/home/jake/programming/repos/cuoc_cho_am/build/sw/vm/host/lib/gcc/x86_64-buildroot-linux-gnu/13.3.0/../../../../x86_64-buildroot-linux-gnu/bin/ar: conftest.o: No such file or directory
configure:6998: $? = 1
configure:7011: result: @
configure:7029: checking for x86_64-buildroot-linux-gnu-strip
configure:7062: result: /bin/true
configure:7140: checking for x86_64-buildroot-linux-gnu-ranlib
configure:7173: result: /home/jake/programming/repos/cuoc_cho_am/build/sw/vm/host/bin/x86_64-buildroot-linux-gnu-gcc-ranlib
configure:7321: checking command to parse /home/jake/programming/repos/cuoc_cho_am/build/sw/vm/host/bin/x86_64-buildroot-linux-gnu-gcc-nm output from /home/jake/programming/repos/cuoc_cho_am/build/sw/vm/host/bin/x86_64-buildroot-linux-gnu-gcc object
configure:7475: /home/jake/programming/repos/cuoc_cho_am/build/sw/vm/host/bin/x86_64-buildroot-linux-gnu-gcc -c -D_LARGEFILE_SOURCE -D_LARGEFILE64_SOURCE -D_FILE_OFFSET_BITS=64  -Og -g2 -D_FORTIFY_SOURCE=1 -D_LARGEFILE_SOURCE -D_LARGEFILE64_SOURCE -D_FILE_OFFSET_BITS=64 conftest.c >&5
configure:7478: $? = 0
configure:7482: /home/jake/programming/repos/cuoc_cho_am/build/sw/vm/host/bin/x86_64-buildroot-linux-gnu-gcc-nm conftest.o \| sed -n -e 's/^.*[ ]\([ABCDGIRSTW][ABCDGIRSTW]*\)[ ][ ]*\([_A-Za-z][_A-Za-z0-9]*\)$/\1 \2 \2/p' | sed '/ __gnu_lto/d' \> conftest.nm
configure:7485: $? = 0
configure:7551: /home/jake/programming/repos/cuoc_cho_am/build/sw/vm/host/bin/x86_64-buildroot-linux-gnu-gcc -o conftest -D_LARGEFILE_SOURCE -D_LARGEFILE64_SOURCE -D_FILE_OFFSET_BITS=64  -Og -g2 -D_FORTIFY_SOURCE=1 -D_LARGEFILE_SOURCE -D_LARGEFILE64_SOURCE -D_FILE_OFFSET_BITS=64  -lm conftest.c conftstm.o >&5
configure:7554: $? = 0
configure:7593: result: ok
configure:7640: checking for sysroot
configure:7672: result: no
configure:7679: checking for a working dd
configure:7724: result: /usr/bin/dd
configure:7728: checking how to truncate binary pipes
configure:7745: result: /usr/bin/dd bs=4096 count=1
configure:7882: /home/jake/programming/repos/cuoc_cho_am/build/sw/vm/host/bin/x86_64-buildroot-linux-gnu-gcc -c -D_LARGEFILE_SOURCE -D_LARGEFILE64_SOURCE -D_FILE_OFFSET_BITS=64  -Og -g2 -D_FORTIFY_SOURCE=1 -D_LARGEFILE_SOURCE -D_LARGEFILE64_SOURCE -D_FILE_OFFSET_BITS=64 conftest.c >&5
configure:7885: $? = 0
configure:8039: checking for x86_64-buildroot-linux-gnu-mt
configure:8075: result: no
configure:8085: checking for mt
configure:8121: result: no
configure:8141: checking if : is a manifest tool
configure:8148: : '-?'
configure:8157: result: no
configure:8897: checking for dlfcn.h
configure:8897: /home/jake/programming/repos/cuoc_cho_am/build/sw/vm/host/bin/x86_64-buildroot-linux-gnu-gcc -c -D_LARGEFILE_SOURCE -D_LARGEFILE64_SOURCE -D_FILE_OFFSET_BITS=64  -Og -g2 -D_FORTIFY_SOURCE=1 -D_LARGEFILE_SOURCE -D_LARGEFILE64_SOURCE -D_FILE_OFFSET_BITS=64 conftest.c >&5
configure:8897: $? = 0
configure:8897: result: yes
configure:9128: checking for objdir
configure:9145: result: .libs
configure:9411: checking if /home/jake/programming/repos/cuoc_cho_am/build/sw/vm/host/bin/x86_64-buildroot-linux-gnu-gcc supports -fno-rtti -fno-exceptions
configure:9430: /home/jake/programming/repos/cuoc_cho_am/build/sw/vm/host/bin/x86_64-buildroot-linux-gnu-gcc -c -D_LARGEFILE_SOURCE -D_LARGEFILE64_SOURCE -D_FILE_OFFSET_BITS=64  -Og -g2 -D_FORTIFY_SOURCE=1 -D_LARGEFILE_SOURCE -D_LARGEFILE64_SOURCE -D_FILE_OFFSET_BITS=64 -fno-rtti -fno-exceptions conftest.c >&5
cc1: warning: command-line option '-fno-rtti' is valid for C++/D/ObjC++ but not for C
configure:9434: $? = 0
configure:9448: result: no
configure:9806: checking for /home/jake/programming/repos/cuoc_cho_am/build/sw/vm/host/bin/x86_64-buildroot-linux-gnu-gcc option to produce PIC
configure:9815: result: -fPIC -DPIC
configure:9823: checking if /home/jake/programming/repos/cuoc_cho_am/build/sw/vm/host/bin/x86_64-buildroot-linux-gnu-gcc PIC flag -fPIC -DPIC works
configure:9842: /home/jake/programming/repos/cuoc_cho_am/build/sw/vm/host/bin/x86_64-buildroot-linux-gnu-gcc -c -D_LARGEFILE_SOURCE -D_LARGEFILE64_SOURCE -D_FILE_OFFSET_BITS=64  -Og -g2 -D_FORTIFY_SOURCE=1 -D_LARGEFILE_SOURCE -D_LARGEFILE64_SOURCE -D_FILE_OFFSET_BITS=64 -fPIC -DPIC -DPIC conftest.c >&5
configure:9846: $? = 0
configure:9860: result: yes
configure:9889: checking if /home/jake/programming/repos/cuoc_cho_am/build/sw/vm/host/bin/x86_64-buildroot-linux-gnu-gcc static flag -static works
configure:9919: result: yes
configure:9934: checking if /home/jake/programming/repos/cuoc_cho_am/build/sw/vm/host/bin/x86_64-buildroot-linux-gnu-gcc supports -c -o file.o
configure:9956: /home/jake/programming/repos/cuoc_cho_am/build/sw/vm/host/bin/x86_64-buildroot-linux-gnu-gcc -c -D_LARGEFILE_SOURCE -D_LARGEFILE64_SOURCE -D_FILE_OFFSET_BITS=64  -Og -g2 -D_FORTIFY_SOURCE=1 -D_LARGEFILE_SOURCE -D_LARGEFILE64_SOURCE -D_FILE_OFFSET_BITS=64 -o out/conftest2.o conftest.c >&5
configure:9960: $? = 0
configure:9983: result: yes
configure:9991: checking if /home/jake/programming/repos/cuoc_cho_am/build/sw/vm/host/bin/x86_64-buildroot-linux-gnu-gcc supports -c -o file.o
configure:10040: result: yes
configure:10073: checking whether the /home/jake/programming/repos/cuoc_cho_am/build/sw/vm/host/bin/x86_64-buildroot-linux-gnu-gcc linker (/home/jake/programming/repos/cuoc_cho_am/build/sw/vm/host/bin/x86_64-buildroot-linux-gnu-ld -m elf_x86_64) supports shared libraries
configure:11344: result: yes
configure:11381: checking whether -lc should be explicitly linked in
configure:11390: /home/jake/programming/repos/cuoc_cho_am/build/sw/vm/host/bin/x86_64-buildroot-linux-gnu-gcc -c -D_LARGEFILE_SOURCE -D_LARGEFILE64_SOURCE -D_FILE_OFFSET_BITS=64  -Og -g2 -D_FORTIFY_SOURCE=1 -D_LARGEFILE_SOURCE -D_LARGEFILE64_SOURCE -D_FILE_OFFSET_BITS=64 conftest.c >&5
configure:11393: $? = 0
configure:11408: /home/jake/programming/repos/cuoc_cho_am/build/sw/vm/host/bin/x86_64-buildroot-linux-gnu-gcc -shared  -fPIC -DPIC conftest.o  -v -Wl,-soname -Wl,conftest -o conftest 2\>\&1 \| /usr/bin/grep  -lc  \>/dev/null 2\>\&1
configure:11411: $? = 0
configure:11426: result: no
configure:11586: checking dynamic linker characteristics
configure:12168: /home/jake/programming/repos/cuoc_cho_am/build/sw/vm/host/bin/x86_64-buildroot-linux-gnu-gcc -o conftest -D_LARGEFILE_SOURCE -D_LARGEFILE64_SOURCE -D_FILE_OFFSET_BITS=64  -Og -g2 -D_FORTIFY_SOURCE=1 -D_LARGEFILE_SOURCE -D_LARGEFILE64_SOURCE -D_FILE_OFFSET_BITS=64  -lm -Wl,-rpath -Wl,/foo conftest.c  >&5
configure:12168: $? = 0
configure:12408: result: GNU/Linux ld.so
configure:12530: checking how to hardcode library paths into programs
configure:12555: result: immediate
configure:12666: checking for shl_load
configure:12666: /home/jake/programming/repos/cuoc_cho_am/build/sw/vm/host/bin/x86_64-buildroot-linux-gnu-gcc -o conftest -D_LARGEFILE_SOURCE -D_LARGEFILE64_SOURCE -D_FILE_OFFSET_BITS=64  -Og -g2 -D_FORTIFY_SOURCE=1 -D_LARGEFILE_SOURCE -D_LARGEFILE64_SOURCE -D_FILE_OFFSET_BITS=64  -lm conftest.c  >&5
/home/jake/programming/repos/cuoc_cho_am/build/sw/vm/host/lib/gcc/x86_64-buildroot-linux-gnu/13.3.0/../../../../x86_64-buildroot-linux-gnu/bin/ld: /tmp/ccTQ6s26.o: in function `main':
/home/jake/programming/repos/cuoc_cho_am/build/sw/vm/build/alsa-lib-1.2.11/conftest.c:69:(.text+0x5): undefined reference to `shl_load'
collect2: error: ld returned 1 exit status
configure:12666: $? = 1
configure: failed program was:
| /* confdefs.h */
| #define PACKAGE_NAME "alsa-lib"
| #define PACKAGE_TARNAME "alsa-lib"
| #define PACKAGE_VERSION "1.2.11"
| #define PACKAGE_STRING "alsa-lib 1.2.11"
| #define PACKAGE_BUGREPORT ""
| #define PACKAGE_URL ""
| #define PACKAGE "alsa-lib"
| #define VERSION "1.2.11"
| #define HAVE_STDIO_H 1
| #define HAVE_STDLIB_H 1
| #define HAVE_STRING_H 1
| #define HAVE_INTTYPES_H 1
| #define HAVE_STDINT_H 1
| #define HAVE_STRINGS_H 1
| #define HAVE_SYS_STAT_H 1
| #define HAVE_SYS_TYPES_H 1
| #define HAVE_UNISTD_H 1
| #define HAVE_WCHAR_H 1
| #define HAVE_SYS_TIME_H 1
| #define STDC_HEADERS 1
| #define _ALL_SOURCE 1
| #define _DARWIN_C_SOURCE 1
| #define _GNU_SOURCE 1
| #define _HPUX_ALT_XOPEN_SOCKET_API 1
| #define _NETBSD_SOURCE 1
| #define _OPENBSD_SOURCE 1
| #define _POSIX_PTHREAD_SEMANTICS 1
| #define __STDC_WANT_IEC_60559_ATTRIBS_EXT__ 1
| #define __STDC_WANT_IEC_60559_BFP_EXT__ 1
| #define __STDC_WANT_IEC_60559_DFP_EXT__ 1
| #define __STDC_WANT_IEC_60559_EXT__ 1
| #define __STDC_WANT_IEC_60559_FUNCS_EXT__ 1
| #define __STDC_WANT_IEC_60559_TYPES_EXT__ 1
| #define __STDC_WANT_LIB_EXT2__ 1
| #define __STDC_WANT_MATH_SPEC_FUNCS__ 1
| #define _TANDEM_SOURCE 1
| #define __EXTENSIONS__ 1
| #define HAVE_DLFCN_H 1
| #define LT_OBJDIR ".libs/"
| /* end confdefs.h.  */
| /* Define shl_load to an innocuous variant, in case <limits.h> declares shl_load.
|    For example, HP-UX 11i <limits.h> declares gettimeofday.  */
| #define shl_load innocuous_shl_load
| 
| /* System header to define __stub macros and hopefully few prototypes,
|    which can conflict with char shl_load (void); below.  */
| 
| #include <limits.h>
| #undef shl_load
| 
| /* Override any GCC internal prototype to avoid an error.
|    Use char because int might match the return type of a GCC
|    builtin and then its argument prototype would still apply.  */
| #ifdef __cplusplus
| extern "C"
| #endif
| char shl_load (void);
| /* The GNU C library defines this for functions which it implements
|     to always fail with ENOSYS.  Some functions are actually named
|     something starting with __ and the normal name is an alias.  */
| #if defined __stub_shl_load || defined __stub___shl_load
| choke me
| #endif
| 
| int
| main (void)
| {
| return shl_load ();
|   ;
|   return 0;
| }
configure:12666: result: no
configure:12671: checking for shl_load in -ldld
configure:12700: /home/jake/programming/repos/cuoc_cho_am/build/sw/vm/host/bin/x86_64-buildroot-linux-gnu-gcc -o conftest -D_LARGEFILE_SOURCE -D_LARGEFILE64_SOURCE -D_FILE_OFFSET_BITS=64  -Og -g2 -D_FORTIFY_SOURCE=1 -D_LARGEFILE_SOURCE -D_LARGEFILE64_SOURCE -D_FILE_OFFSET_BITS=64  -lm conftest.c -ldld   >&5
/home/jake/programming/repos/cuoc_cho_am/build/sw/vm/host/lib/gcc/x86_64-buildroot-linux-gnu/13.3.0/../../../../x86_64-buildroot-linux-gnu/bin/ld: cannot find -ldld: No such file or directory
collect2: error: ld returned 1 exit status
configure:12700: $? = 1
configure: failed program was:
| /* confdefs.h */
| #define PACKAGE_NAME "alsa-lib"
| #define PACKAGE_TARNAME "alsa-lib"
| #define PACKAGE_VERSION "1.2.11"
| #define PACKAGE_STRING "alsa-lib 1.2.11"
| #define PACKAGE_BUGREPORT ""
| #define PACKAGE_URL ""
| #define PACKAGE "alsa-lib"
| #define VERSION "1.2.11"
| #define HAVE_STDIO_H 1
| #define HAVE_STDLIB_H 1
| #define HAVE_STRING_H 1
| #define HAVE_INTTYPES_H 1
| #define HAVE_STDINT_H 1
| #define HAVE_STRINGS_H 1
| #define HAVE_SYS_STAT_H 1
| #define HAVE_SYS_TYPES_H 1
| #define HAVE_UNISTD_H 1
| #define HAVE_WCHAR_H 1
| #define HAVE_SYS_TIME_H 1
| #define STDC_HEADERS 1
| #define _ALL_SOURCE 1
| #define _DARWIN_C_SOURCE 1
| #define _GNU_SOURCE 1
| #define _HPUX_ALT_XOPEN_SOCKET_API 1
| #define _NETBSD_SOURCE 1
| #define _OPENBSD_SOURCE 1
| #define _POSIX_PTHREAD_SEMANTICS 1
| #define __STDC_WANT_IEC_60559_ATTRIBS_EXT__ 1
| #define __STDC_WANT_IEC_60559_BFP_EXT__ 1
| #define __STDC_WANT_IEC_60559_DFP_EXT__ 1
| #define __STDC_WANT_IEC_60559_EXT__ 1
| #define __STDC_WANT_IEC_60559_FUNCS_EXT__ 1
| #define __STDC_WANT_IEC_60559_TYPES_EXT__ 1
| #define __STDC_WANT_LIB_EXT2__ 1
| #define __STDC_WANT_MATH_SPEC_FUNCS__ 1
| #define _TANDEM_SOURCE 1
| #define __EXTENSIONS__ 1
| #define HAVE_DLFCN_H 1
| #define LT_OBJDIR ".libs/"
| /* end confdefs.h.  */
| 
| /* Override any GCC internal prototype to avoid an error.
|    Use char because int might match the return type of a GCC
|    builtin and then its argument prototype would still apply.
|    The 'extern "C"' is for builds by C++ compilers;
|    although this is not generally supported in C code supporting it here
|    has little cost and some practical benefit (sr 110532).  */
| #ifdef __cplusplus
| extern "C"
| #endif
| char shl_load (void);
| int
| main (void)
| {
| return shl_load ();
|   ;
|   return 0;
| }
configure:12712: result: no
configure:12718: checking for dlopen
configure:12718: /home/jake/programming/repos/cuoc_cho_am/build/sw/vm/host/bin/x86_64-buildroot-linux-gnu-gcc -o conftest -D_LARGEFILE_SOURCE -D_LARGEFILE64_SOURCE -D_FILE_OFFSET_BITS=64  -Og -g2 -D_FORTIFY_SOURCE=1 -D_LARGEFILE_SOURCE -D_LARGEFILE64_SOURCE -D_FILE_OFFSET_BITS=64  -lm conftest.c  >&5
configure:12718: $? = 0
configure:12718: result: yes
configure:12905: checking whether a program can dlopen itself
configure:13008: result: cross
configure:13155: checking whether stripping libraries is possible
configure:13177: result: no
configure:13195: checking if libtool supports shared libraries
configure:13197: result: yes
configure:13200: checking whether to build shared libraries
configure:13225: result: yes
configure:13228: checking whether to build static libraries
configure:13232: result: no
configure:13282: checking if /home/jake/programming/repos/cuoc_cho_am/build/sw/vm/host/bin/x86_64-buildroot-linux-gnu-gcc supports -Wl,--no-undefined flag
configure:13294: /home/jake/programming/repos/cuoc_cho_am/build/sw/vm/host/bin/x86_64-buildroot-linux-gnu-gcc -o conftest -D_LARGEFILE_SOURCE -D_LARGEFILE64_SOURCE -D_FILE_OFFSET_BITS=64  -Og -g2 -D_FORTIFY_SOURCE=1 -D_LARGEFILE_SOURCE -D_LARGEFILE64_SOURCE -D_FILE_OFFSET_BITS=64  -lm -Wl,--no-undefined conftest.c  >&5
configure:13294: $? = 0
configure:13308: result: yes
configure:13282: checking if /home/jake/programming/repos/cuoc_cho_am/build/sw/vm/host/bin/x86_64-buildroot-linux-gnu-gcc supports -Wl,-z,defs flag
configure:13294: /home/jake/programming/repos/cuoc_cho_am/build/sw/vm/host/bin/x86_64-buildroot-linux-gnu-gcc -o conftest -D_LARGEFILE_SOURCE -D_LARGEFILE64_SOURCE -D_FILE_OFFSET_BITS=64  -Og -g2 -D_FORTIFY_SOURCE=1 -D_LARGEFILE_SOURCE -D_LARGEFILE64_SOURCE -D_FILE_OFFSET_BITS=64  -lm -Wl,-z,defs conftest.c  >&5
configure:13294: $? = 0
configure:13308: result: yes
configure:13327: checking for egrep
configure:13397: result: /usr/bin/grep -E
configure:13408: checking for an ANSI C-conforming const
configure:13475: /home/jake/programming/repos/cuoc_cho_am/build/sw/vm/host/bin/x86_64-buildroot-linux-gnu-gcc -c -D_LARGEFILE_SOURCE -D_LARGEFILE64_SOURCE -D_FILE_OFFSET_BITS=64  -Og -g2 -D_FORTIFY_SOURCE=1 -D_LARGEFILE_SOURCE -D_LARGEFILE64_SOURCE -D_FILE_OFFSET_BITS=64 conftest.c >&5
configure:13475: $? = 0
configure:13485: result: yes
configure:13493: checking for inline
configure:13510: /home/jake/programming/repos/cuoc_cho_am/build/sw/vm/host/bin/x86_64-buildroot-linux-gnu-gcc -c -D_LARGEFILE_SOURCE -D_LARGEFILE64_SOURCE -D_FILE_OFFSET_BITS=64  -Og -g2 -D_FORTIFY_SOURCE=1 -D_LARGEFILE_SOURCE -D_LARGEFILE64_SOURCE -D_FILE_OFFSET_BITS=64 conftest.c >&5
configure:13510: $? = 0
configure:13520: result: inline
configure:13568: /home/jake/programming/repos/cuoc_cho_am/build/sw/vm/host/bin/x86_64-buildroot-linux-gnu-gcc -c -O0 -Werror -D_LARGEFILE_SOURCE -D_LARGEFILE64_SOURCE -D_FILE_OFFSET_BITS=64 conftest.c >&5
configure:13568: $? = 0
configure:13589: checking for uselocale
configure:13589: /home/jake/programming/repos/cuoc_cho_am/build/sw/vm/host/bin/x86_64-buildroot-linux-gnu-gcc -o conftest -D_LARGEFILE_SOURCE -D_LARGEFILE64_SOURCE -D_FILE_OFFSET_BITS=64  -Og -g2 -D_FORTIFY_SOURCE=1 -D_LARGEFILE_SOURCE -D_LARGEFILE64_SOURCE -D_FILE_OFFSET_BITS=64  -lm conftest.c  >&5
configure:13589: $? = 0
configure:13589: result: yes
configure:13596: checking for eaccess
configure:13596: /home/jake/programming/repos/cuoc_cho_am/build/sw/vm/host/bin/x86_64-buildroot-linux-gnu-gcc -o conftest -D_LARGEFILE_SOURCE -D_LARGEFILE64_SOURCE -D_FILE_OFFSET_BITS=64  -Og -g2 -D_FORTIFY_SOURCE=1 -D_LARGEFILE_SOURCE -D_LARGEFILE64_SOURCE -D_FILE_OFFSET_BITS=64  -lm conftest.c  >&5
configure:13596: $? = 0
configure:13596: result: yes
configure:13611: checking for /home/jake/programming/repos/cuoc_cho_am/build/sw/vm/host/bin/x86_64-buildroot-linux-gnu-gcc option to enable large file support
configure:13646: /home/jake/programming/repos/cuoc_cho_am/build/sw/vm/host/bin/x86_64-buildroot-linux-gnu-gcc -c -D_LARGEFILE_SOURCE -D_LARGEFILE64_SOURCE -D_FILE_OFFSET_BITS=64  -Og -g2 -D_FORTIFY_SOURCE=1 -D_LARGEFILE_SOURCE -D_LARGEFILE64_SOURCE -D_FILE_OFFSET_BITS=64 conftest.c >&5
configure:13646: $? = 0
configure:13652: /home/jake/programming/repos/cuoc_cho_am/build/sw/vm/host/bin/x86_64-buildroot-linux-gnu-gcc -DFTYPE=ino_t -c -D_LARGEFILE_SOURCE -D_LARGEFILE64_SOURCE -D_FILE_OFFSET_BITS=64  -Og -g2 -D_FORTIFY_SOURCE=1 -D_LARGEFILE_SOURCE -D_LARGEFILE64_SOURCE -D_FILE_OFFSET_BITS=64 conftest.c >&5
configure:13652: $? = 0
configure:13677: result: none needed
configure:13780: checking for fork
configure:13780: /home/jake/programming/repos/cuoc_cho_am/build/sw/vm/host/bin/x86_64-buildroot-linux-gnu-gcc -o conftest -D_LARGEFILE_SOURCE -D_LARGEFILE64_SOURCE -D_FILE_OFFSET_BITS=64  -Og -g2 -D_FORTIFY_SOURCE=1 -D_LARGEFILE_SOURCE -D_LARGEFILE64_SOURCE -D_FILE_OFFSET_BITS=64  -lm conftest.c  >&5
conftest.c:62:6: warning: conflicting types for built-in function 'fork'; expected 'int(void)' [-Wbuiltin-declaration-mismatch]
   62 | char fork (void);
      |      ^~~~
configure:13780: $? = 0
configure:13780: result: yes
configure:13788: checking for library version
configure:13811: result: major 1 minor 2 subminor 11 extrastr  extraver 1000000
configure:13902: checking for versioned symbols
configure:13931: result: yes
configure:13950: checking for symbolic-functions
configure:13971: result: no
configure:13983: checking for custom symbol prefixes
configure:13994: result: 
configure:13997: checking for debug
configure:14010: result: yes
configure:14021: checking for debug assert
configure:14039: result: no
configure:14044: checking for tmpdir
configure:14056: result: /tmp
configure:14062: checking for softfloat
configure:14081: result: no
configure:14090: checking for LFS calls
configure:14103: /home/jake/programming/repos/cuoc_cho_am/build/sw/vm/host/bin/x86_64-buildroot-linux-gnu-gcc -o conftest -D_LARGEFILE_SOURCE -D_LARGEFILE64_SOURCE -D_FILE_OFFSET_BITS=64  -Og -g2 -D_FORTIFY_SOURCE=1 -D_LARGEFILE_SOURCE -D_LARGEFILE64_SOURCE -D_FILE_OFFSET_BITS=64  -lm conftest.c  >&5
configure:14103: $? = 0
configure:14113: result: yes
configure:14123: checking for libdl
configure:14137: checking for library containing dlsym
configure:14173: /home/jake/programming/repos/cuoc_cho_am/build/sw/vm/host/bin/x86_64-buildroot-linux-gnu-gcc -o conftest -D_LARGEFILE_SOURCE -D_LARGEFILE64_SOURCE -D_FILE_OFFSET_BITS=64  -Og -g2 -D_FORTIFY_SOURCE=1 -D_LARGEFILE_SOURCE -D_LARGEFILE64_SOURCE -D_FILE_OFFSET_BITS=64  -lm conftest.c  >&5
configure:14173: $? = 0
configure:14195: result: none required
configure:14222: checking for pthread
configure:14235: checking for pthread_join in -lpthread
configure:14264: /home/jake/programming/repos/cuoc_cho_am/build/sw/vm/host/bin/x86_64-buildroot-linux-gnu-gcc -o conftest -D_LARGEFILE_SOURCE -D_LARGEFILE64_SOURCE -D_FILE_OFFSET_BITS=64  -Og -g2 -D_FORTIFY_SOURCE=1 -D_LARGEFILE_SOURCE -D_LARGEFILE64_SOURCE -D_FILE_OFFSET_BITS=64  -lm conftest.c -lpthread   >&5
configure:14264: $? = 0
configure:14276: result: yes
configure:14295: checking for /home/jake/programming/repos/cuoc_cho_am/build/sw/vm/host/bin/x86_64-buildroot-linux-gnu-gcc options needed to detect all undeclared functions
configure:14317: /home/jake/programming/repos/cuoc_cho_am/build/sw/vm/host/bin/x86_64-buildroot-linux-gnu-gcc -c -D_LARGEFILE_SOURCE -D_LARGEFILE64_SOURCE -D_FILE_OFFSET_BITS=64  -Og -g2 -D_FORTIFY_SOURCE=1  -D_LARGEFILE_SOURCE -D_LARGEFILE64_SOURCE -D_FILE_OFFSET_BITS=64 conftest.c >&5
conftest.c: In function 'main':
conftest.c:60:8: error: 'strchr' undeclared (first use in this function)
   60 | (void) strchr;
      |        ^~~~~~
conftest.c:1:1: note: 'strchr' is defined in header '<string.h>'; did you forget to '#include <string.h>'?
    1 | /* confdefs.h */
conftest.c:60:8: note: each undeclared identifier is reported only once for each function it appears in
   60 | (void) strchr;
      |        ^~~~~~
configure:14317: $? = 1
configure: failed program was:
| /* confdefs.h */
| #define PACKAGE_NAME "alsa-lib"
| #define PACKAGE_TARNAME "alsa-lib"
| #define PACKAGE_VERSION "1.2.11"
| #define PACKAGE_STRING "alsa-lib 1.2.11"
| #define PACKAGE_BUGREPORT ""
| #define PACKAGE_URL ""
| #define PACKAGE "alsa-lib"
| #define VERSION "1.2.11"
| #define HAVE_STDIO_H 1
| #define HAVE_STDLIB_H 1
| #define HAVE_STRING_H 1
| #define HAVE_INTTYPES_H 1
| #define HAVE_STDINT_H 1
| #define HAVE_STRINGS_H 1
| #define HAVE_SYS_STAT_H 1
| #define HAVE_SYS_TYPES_H 1
| #define HAVE_UNISTD_H 1
| #define HAVE_WCHAR_H 1
| #define HAVE_SYS_TIME_H 1
| #define STDC_HEADERS 1
| #define _ALL_SOURCE 1
| #define _DARWIN_C_SOURCE 1
| #define _GNU_SOURCE 1
| #define _HPUX_ALT_XOPEN_SOCKET_API 1
| #define _NETBSD_SOURCE 1
| #define _OPENBSD_SOURCE 1
| #define _POSIX_PTHREAD_SEMANTICS 1
| #define __STDC_WANT_IEC_60559_ATTRIBS_EXT__ 1
| #define __STDC_WANT_IEC_60559_BFP_EXT__ 1
| #define __STDC_WANT_IEC_60559_DFP_EXT__ 1
| #define __STDC_WANT_IEC_60559_EXT__ 1
| #define __STDC_WANT_IEC_60559_FUNCS_EXT__ 1
| #define __STDC_WANT_IEC_60559_TYPES_EXT__ 1
| #define __STDC_WANT_LIB_EXT2__ 1
| #define __STDC_WANT_MATH_SPEC_FUNCS__ 1
| #define _TANDEM_SOURCE 1
| #define __EXTENSIONS__ 1
| #define HAVE_DLFCN_H 1
| #define LT_OBJDIR ".libs/"
| #define TIME_WITH_SYS_TIME 1
| #define HAVE_ATTRIBUTE_SYMVER 1
| #define HAVE_USELOCALE 1
| #define HAVE_EACCESS 1
| #define VERSION "1.2.11"
| #define ALSA_CONFIG_DIR "/usr/share/alsa"
| #define ALSA_PLUGIN_DIR "/usr/lib/alsa-lib"
| #define ALSA_PKGCONF_DIR "/usr/lib/pkgconfig"
| #define VERSIONED_SYMBOLS /**/
| #define __SYMBOL_PREFIX ""
| #define TMPDIR "/tmp"
| #define HAVE_LFS 1
| #define HAVE_LIBDL 1
| #define HAVE_LIBPTHREAD 1
| /* end confdefs.h.  */
| 
| int
| main (void)
| {
| (void) strchr;
|   ;
|   return 0;
| }
configure:14344: /home/jake/programming/repos/cuoc_cho_am/build/sw/vm/host/bin/x86_64-buildroot-linux-gnu-gcc -c -D_LARGEFILE_SOURCE -D_LARGEFILE64_SOURCE -D_FILE_OFFSET_BITS=64  -Og -g2 -D_FORTIFY_SOURCE=1  -D_LARGEFILE_SOURCE -D_LARGEFILE64_SOURCE -D_FILE_OFFSET_BITS=64 conftest.c >&5
configure:14344: $? = 0
configure:14364: result: none needed
configure:14378: checking whether PTHREAD_MUTEX_RECURSIVE is declared
configure:14378: /home/jake/programming/repos/cuoc_cho_am/build/sw/vm/host/bin/x86_64-buildroot-linux-gnu-gcc -c -D_LARGEFILE_SOURCE -D_LARGEFILE64_SOURCE -D_FILE_OFFSET_BITS=64  -Og -g2 -D_FORTIFY_SOURCE=1  -D_LARGEFILE_SOURCE -D_LARGEFILE64_SOURCE -D_FILE_OFFSET_BITS=64 conftest.c >&5
configure:14378: $? = 0
configure:14378: result: yes
configure:14388: checking for __thread
configure:14403: /home/jake/programming/repos/cuoc_cho_am/build/sw/vm/host/bin/x86_64-buildroot-linux-gnu-gcc -o conftest -D_LARGEFILE_SOURCE -D_LARGEFILE64_SOURCE -D_FILE_OFFSET_BITS=64  -Og -g2 -D_FORTIFY_SOURCE=1 -D_LARGEFILE_SOURCE -D_LARGEFILE64_SOURCE -D_FILE_OFFSET_BITS=64  -lm conftest.c  >&5
configure:14403: $? = 0
configure:14408: result: yes
configure:14418: checking for librt
configure:14431: checking for clock_gettime in -lrt
configure:14460: /home/jake/programming/repos/cuoc_cho_am/build/sw/vm/host/bin/x86_64-buildroot-linux-gnu-gcc -o conftest -D_LARGEFILE_SOURCE -D_LARGEFILE64_SOURCE -D_FILE_OFFSET_BITS=64  -Og -g2 -D_FORTIFY_SOURCE=1 -D_LARGEFILE_SOURCE -D_LARGEFILE64_SOURCE -D_FILE_OFFSET_BITS=64  -lm conftest.c -lrt   >&5
configure:14460: $? = 0
configure:14472: result: yes
configure:14495: checking for use of wordexp
configure:14523: result: no
configure:14527: checking for endian.h
configure:14527: /home/jake/programming/repos/cuoc_cho_am/build/sw/vm/host/bin/x86_64-buildroot-linux-gnu-gcc -c -D_LARGEFILE_SOURCE -D_LARGEFILE64_SOURCE -D_FILE_OFFSET_BITS=64  -Og -g2 -D_FORTIFY_SOURCE=1 -D_LARGEFILE_SOURCE -D_LARGEFILE64_SOURCE -D_FILE_OFFSET_BITS=64 conftest.c >&5
configure:14527: $? = 0
configure:14527: result: yes
configure:14533: checking for sys/endian.h
configure:14533: /home/jake/programming/repos/cuoc_cho_am/build/sw/vm/host/bin/x86_64-buildroot-linux-gnu-gcc -c -D_LARGEFILE_SOURCE -D_LARGEFILE64_SOURCE -D_FILE_OFFSET_BITS=64  -Og -g2 -D_FORTIFY_SOURCE=1 -D_LARGEFILE_SOURCE -D_LARGEFILE64_SOURCE -D_FILE_OFFSET_BITS=64 conftest.c >&5
conftest.c:89:10: fatal error: sys/endian.h: No such file or directory
   89 | #include <sys/endian.h>
      |          ^~~~~~~~~~~~~~
compilation terminated.
configure:14533: $? = 1
configure: failed program was:
| /* confdefs.h */
| #define PACKAGE_NAME "alsa-lib"
| #define PACKAGE_TARNAME "alsa-lib"
| #define PACKAGE_VERSION "1.2.11"
| #define PACKAGE_STRING "alsa-lib 1.2.11"
| #define PACKAGE_BUGREPORT ""
| #define PACKAGE_URL ""
| #define PACKAGE "alsa-lib"
| #define VERSION "1.2.11"
| #define HAVE_STDIO_H 1
| #define HAVE_STDLIB_H 1
| #define HAVE_STRING_H 1
| #define HAVE_INTTYPES_H 1
| #define HAVE_STDINT_H 1
| #define HAVE_STRINGS_H 1
| #define HAVE_SYS_STAT_H 1
| #define HAVE_SYS_TYPES_H 1
| #define HAVE_UNISTD_H 1
| #define HAVE_WCHAR_H 1
| #define HAVE_SYS_TIME_H 1
| #define STDC_HEADERS 1
| #define _ALL_SOURCE 1
| #define _DARWIN_C_SOURCE 1
| #define _GNU_SOURCE 1
| #define _HPUX_ALT_XOPEN_SOCKET_API 1
| #define _NETBSD_SOURCE 1
| #define _OPENBSD_SOURCE 1
| #define _POSIX_PTHREAD_SEMANTICS 1
| #define __STDC_WANT_IEC_60559_ATTRIBS_EXT__ 1
| #define __STDC_WANT_IEC_60559_BFP_EXT__ 1
| #define __STDC_WANT_IEC_60559_DFP_EXT__ 1
| #define __STDC_WANT_IEC_60559_EXT__ 1
| #define __STDC_WANT_IEC_60559_FUNCS_EXT__ 1
| #define __STDC_WANT_IEC_60559_TYPES_EXT__ 1
| #define __STDC_WANT_LIB_EXT2__ 1
| #define __STDC_WANT_MATH_SPEC_FUNCS__ 1
| #define _TANDEM_SOURCE 1
| #define __EXTENSIONS__ 1
| #define HAVE_DLFCN_H 1
| #define LT_OBJDIR ".libs/"
| #define TIME_WITH_SYS_TIME 1
| #define HAVE_ATTRIBUTE_SYMVER 1
| #define HAVE_USELOCALE 1
| #define HAVE_EACCESS 1
| #define VERSION "1.2.11"
| #define ALSA_CONFIG_DIR "/usr/share/alsa"
| #define ALSA_PLUGIN_DIR "/usr/lib/alsa-lib"
| #define ALSA_PKGCONF_DIR "/usr/lib/pkgconfig"
| #define VERSIONED_SYMBOLS /**/
| #define __SYMBOL_PREFIX ""
| #define TMPDIR "/tmp"
| #define HAVE_LFS 1
| #define HAVE_LIBDL 1
| #define HAVE_LIBPTHREAD 1
| #define HAVE_PTHREAD_MUTEX_RECURSIVE /**/
| #define HAVE___THREAD 1
| #define HAVE_LIBRT 1
| #define HAVE_CLOCK_GETTIME 1
| #define HAVE_ENDIAN_H 1
| /* end confdefs.h.  */
| #include <stddef.h>
| #ifdef HAVE_STDIO_H
| # include <stdio.h>
| #endif
| #ifdef HAVE_STDLIB_H
| # include <stdlib.h>
| #endif
| #ifdef HAVE_STRING_H
| # include <string.h>
| #endif
| #ifdef HAVE_INTTYPES_H
| # include <inttypes.h>
| #endif
| #ifdef HAVE_STDINT_H
| # include <stdint.h>
| #endif
| #ifdef HAVE_STRINGS_H
| # include <strings.h>
| #endif
| #ifdef HAVE_SYS_TYPES_H
| # include <sys/types.h>
| #endif
| #ifdef HAVE_SYS_STAT_H
| # include <sys/stat.h>
| #endif
| #ifdef HAVE_UNISTD_H
| # include <unistd.h>
| #endif
| #include <sys/endian.h>
configure:14533: result: no
configure:14539: checking for sys/shm.h
configure:14539: /home/jake/programming/repos/cuoc_cho_am/build/sw/vm/host/bin/x86_64-buildroot-linux-gnu-gcc -c -D_LARGEFILE_SOURCE -D_LARGEFILE64_SOURCE -D_FILE_OFFSET_BITS=64  -Og -g2 -D_FORTIFY_SOURCE=1 -D_LARGEFILE_SOURCE -D_LARGEFILE64_SOURCE -D_FILE_OFFSET_BITS=64 conftest.c >&5
configure:14539: $? = 0
configure:14539: result: yes
configure:14545: checking for malloc.h
configure:14545: /home/jake/programming/repos/cuoc_cho_am/build/sw/vm/host/bin/x86_64-buildroot-linux-gnu-gcc -c -D_LARGEFILE_SOURCE -D_LARGEFILE64_SOURCE -D_FILE_OFFSET_BITS=64  -Og -g2 -D_FORTIFY_SOURCE=1 -D_LARGEFILE_SOURCE -D_LARGEFILE64_SOURCE -D_FILE_OFFSET_BITS=64 conftest.c >&5
configure:14545: $? = 0
configure:14545: result: yes
configure:14553: checking for resmgr support
configure:14564: result: no
configure:14626: checking for aload* support
configure:14637: result: yes
configure:14645: checking for ALSA device file directory
configure:14663: result: /dev/snd/
configure:14666: checking for aload* device file directory
configure:14684: result: /dev/
configure:15003: checking whether GCC supports builtin atomic intrinsics
configure:15021: /home/jake/programming/repos/cuoc_cho_am/build/sw/vm/host/bin/x86_64-buildroot-linux-gnu-gcc -o conftest -D_LARGEFILE_SOURCE -D_LARGEFILE64_SOURCE -D_FILE_OFFSET_BITS=64  -Og -g2 -D_FORTIFY_SOURCE=1 -D_LARGEFILE_SOURCE -D_LARGEFILE64_SOURCE -D_FILE_OFFSET_BITS=64  -lm conftest.c  >&5
configure:15021: $? = 0
configure:15031: result: yes
configure:15046: /home/jake/programming/repos/cuoc_cho_am/build/sw/vm/host/bin/x86_64-buildroot-linux-gnu-gcc -o conftest -D_LARGEFILE_SOURCE -D_LARGEFILE64_SOURCE -D_FILE_OFFSET_BITS=64  -Og -g2 -D_FORTIFY_SOURCE=1 -D_LARGEFILE_SOURCE -D_LARGEFILE64_SOURCE -D_FILE_OFFSET_BITS=64  -lm conftest.c  >&5
configure:15046: $? = 0
configure:15370: checking for default lockless dmix
configure:15388: result: no
configure:15475: checking for max number of cards
configure:15487: result: 32
configure:15500: checking for thread-safe API functions
configure:15512: result: yes
configure:15633: checking that generated files are newer than configure
configure:15639: result: done
configure:15860: creating ./config.status

## ---------------------- ##
## Running config.status. ##
## ---------------------- ##

This file was extended by alsa-lib config.status 1.2.11, which was
generated by GNU Autoconf 2.72.  Invocation command line was

  CONFIG_FILES    = 
  CONFIG_HEADERS  = 
  CONFIG_LINKS    = 
  CONFIG_COMMANDS = 
  $ ./config.status --quiet

on desktop

config.status:1288: creating Makefile
config.status:1288: creating doc/Makefile
config.status:1288: creating doc/pictures/Makefile
config.status:1288: creating doc/doxygen.cfg
config.status:1288: creating include/Makefile
config.status:1288: creating include/sound/Makefile
config.status:1288: creating include/sound/uapi/Makefile
config.status:1288: creating src/Versions.in
config.status:1288: creating src/Makefile
config.status:1288: creating src/control/Makefile
config.status:1288: creating src/mixer/Makefile
config.status:1288: creating src/pcm/Makefile
config.status:1288: creating src/pcm/scopes/Makefile
config.status:1288: creating src/rawmidi/Makefile
config.status:1288: creating src/timer/Makefile
config.status:1288: creating src/hwdep/Makefile
config.status:1288: creating src/seq/Makefile
config.status:1288: creating src/ucm/Makefile
config.status:1288: creating src/alisp/Makefile
config.status:1288: creating src/topology/Makefile
config.status:1288: creating src/conf/Makefile
config.status:1288: creating src/conf/cards/Makefile
config.status:1288: creating src/conf/ctl/Makefile
config.status:1288: creating src/conf/pcm/Makefile
config.status:1288: creating modules/Makefile
config.status:1288: creating modules/mixer/Makefile
config.status:1288: creating modules/mixer/simple/Makefile
config.status:1288: creating alsalisp/Makefile
config.status:1288: creating aserver/Makefile
config.status:1288: creating test/Makefile
config.status:1288: creating test/lsb/Makefile
config.status:1288: creating utils/Makefile
config.status:1288: creating utils/alsa-lib.spec
config.status:1288: creating utils/alsa.pc
config.status:1288: creating utils/alsa-topology.pc
config.status:1288: creating include/config.h
config.status:1517: executing depfiles commands
config.status:1517: executing libtool commands
configure:18035: WARNING: unrecognized options: --disable-gtk-doc, --disable-gtk-doc-html, --disable-doc, --disable-docs, --disable-documentation, --with-xmlto, --with-fop, --enable-ipv6, --disable-nls

## ---------------- ##
## Cache variables. ##
## ---------------- ##

ac_cv_build=x86_64-pc-linux-gnu
ac_cv_c_bigendian=no
ac_cv_c_compiler_gnu=yes
ac_cv_c_const=yes
ac_cv_c_inline=inline
ac_cv_c_undeclared_builtin_options='none needed'
ac_cv_env_CC_set=set
ac_cv_env_CC_value=/home/jake/programming/repos/cuoc_cho_am/build/sw/vm/host/bin/x86_64-buildroot-linux-gnu-gcc
ac_cv_env_CFLAGS_set=set
ac_cv_env_CFLAGS_value='-D_LARGEFILE_SOURCE -D_LARGEFILE64_SOURCE -D_FILE_OFFSET_BITS=64  -Og -g2 -D_FORTIFY_SOURCE=1'
ac_cv_env_CPPFLAGS_set=set
ac_cv_env_CPPFLAGS_value='-D_LARGEFILE_SOURCE -D_LARGEFILE64_SOURCE -D_FILE_OFFSET_BITS=64'
ac_cv_env_CPP_set=set
ac_cv_env_CPP_value=/home/jake/programming/repos/cuoc_cho_am/build/sw/vm/host/bin/x86_64-buildroot-linux-gnu-cpp
ac_cv_env_LDFLAGS_set=set
ac_cv_env_LDFLAGS_value=' -lm'
ac_cv_env_LIBS_set=
ac_cv_env_LIBS_value=
ac_cv_env_LT_SYS_LIBRARY_PATH_set=
ac_cv_env_LT_SYS_LIBRARY_PATH_value=
ac_cv_env_build_alias_set=set
ac_cv_env_build_alias_value=x86_64-pc-linux-gnu
ac_cv_env_host_alias_set=set
ac_cv_env_host_alias_value=x86_64-buildroot-linux-gnu
ac_cv_env_target_alias_set=set
ac_cv_env_target_alias_value=x86_64-buildroot-linux-gnu
ac_cv_func_calloc_0_nonnull=yes
ac_cv_func_dlopen=yes
ac_cv_func_eaccess=yes
ac_cv_func_fork=yes
ac_cv_func_malloc_0_nonnull=yes
ac_cv_func_memcmp_working=yes
ac_cv_func_mmap_fixed_mapped=yes
ac_cv_func_realloc_0_nonnull=yes
ac_cv_func_shl_load=no
ac_cv_func_uselocale=yes
ac_cv_have_decl_PTHREAD_MUTEX_RECURSIVE=yes
ac_cv_have_decl_malloc=yes
ac_cv_header_dlfcn_h=yes
ac_cv_header_endian_h=yes
ac_cv_header_inttypes_h=yes
ac_cv_header_malloc_h=yes
ac_cv_header_minix_config_h=no
ac_cv_header_stdint_h=yes
ac_cv_header_stdio_h=yes
ac_cv_header_stdlib_h=yes
ac_cv_header_string_h=yes
ac_cv_header_strings_h=yes
ac_cv_header_sys_endian_h=no
ac_cv_header_sys_shm_h=yes
ac_cv_header_sys_stat_h=yes
ac_cv_header_sys_time_h=yes
ac_cv_header_sys_types_h=yes
ac_cv_header_unistd_h=yes
ac_cv_header_wchar_h=yes
ac_cv_host=x86_64-buildroot-linux-gnu
ac_cv_lbl_unaligned_fail=no
ac_cv_lib_dld_shl_load=no
ac_cv_lib_pthread_pthread_join=yes
ac_cv_lib_rt_clock_gettime=yes
ac_cv_objext=o
ac_cv_path_EGREP='/usr/bin/grep -E'
ac_cv_path_EGREP_TRADITIONAL='/usr/bin/grep -E'
ac_cv_path_FGREP='/usr/bin/grep -F'
ac_cv_path_GREP=/usr/bin/grep
ac_cv_path_SED=/usr/bin/sed
ac_cv_path_install='/usr/bin/install -c'
ac_cv_path_lt_DD=/usr/bin/dd
ac_cv_path_mkdir=/usr/bin/mkdir
ac_cv_prog_AR=/home/jake/programming/repos/cuoc_cho_am/build/sw/vm/host/bin/x86_64-buildroot-linux-gnu-gcc-ar
ac_cv_prog_AWK=gawk
ac_cv_prog_CC=/home/jake/programming/repos/cuoc_cho_am/build/sw/vm/host/bin/x86_64-buildroot-linux-gnu-gcc
ac_cv_prog_CPP=/home/jake/programming/repos/cuoc_cho_am/build/sw/vm/host/bin/x86_64-buildroot-linux-gnu-cpp
ac_cv_prog_OBJDUMP=/home/jake/programming/repos/cuoc_cho_am/build/sw/vm/host/bin/x86_64-buildroot-linux-gnu-objdump
ac_cv_prog_RANLIB=/home/jake/programming/repos/cuoc_cho_am/build/sw/vm/host/bin/x86_64-buildroot-linux-gnu-gcc-ranlib
ac_cv_prog_STRIP=/bin/true
ac_cv_prog_cc_c11=
ac_cv_prog_cc_g=yes
ac_cv_prog_cc_stdc=
ac_cv_prog_make_make_set=yes
ac_cv_safe_to_define___extensions__=yes
ac_cv_search_dlsym='none required'
ac_cv_should_define__xopen_source=no
ac_cv_sys_largefile_opts='none needed'
am_cv_CC_dependencies_compiler_type=none
am_cv_make_support_nested_variables=yes
am_cv_prog_cc_c_o=yes
cc_cv_ldflags__Wl___no_undefined=yes
cc_cv_ldflags__Wl__z_defs=yes
gl_cv_func_malloc_0_nonnull=yes
lt_cv_ar_at_file=@
lt_cv_archive_cmds_need_lc=no
lt_cv_deplibs_check_method=pass_all
lt_cv_dlopen=dlopen
lt_cv_dlopen_libs=
lt_cv_dlopen_self=cross
lt_cv_file_magic_cmd='$MAGIC_CMD'
lt_cv_file_magic_test_file=
lt_cv_ld_reload_flag=-r
lt_cv_nm_interface='BSD nm'
lt_cv_objdir=.libs
lt_cv_path_LD=/home/jake/programming/repos/cuoc_cho_am/build/sw/vm/host/bin/x86_64-buildroot-linux-gnu-ld
lt_cv_path_NM=/home/jake/programming/repos/cuoc_cho_am/build/sw/vm/host/bin/x86_64-buildroot-linux-gnu-gcc-nm
lt_cv_path_mainfest_tool=no
lt_cv_prog_compiler_c_o=yes
lt_cv_prog_compiler_pic='-fPIC -DPIC'
lt_cv_prog_compiler_pic_works=yes
lt_cv_prog_compiler_rtti_exceptions=no
lt_cv_prog_compiler_static_works=yes
lt_cv_prog_gnu_ld=yes
lt_cv_sharedlib_from_linklib_cmd='printf %s\n'
lt_cv_shlibpath_overrides_runpath=no
lt_cv_sys_global_symbol_pipe='sed -n -e '\''s/^.*[	 ]\([ABCDGIRSTW][ABCDGIRSTW]*\)[	 ][	 ]*\([_A-Za-z][_A-Za-z0-9]*\)$/\1 \2 \2/p'\'' | sed '\''/ __gnu_lto/d'\'''
lt_cv_sys_global_symbol_to_c_name_address='sed -n -e '\''s/^: \(.*\) .*$/  {"\1", (void *) 0},/p'\'' -e '\''s/^[ABCDGIRSTW][ABCDGIRSTW]* .* \(.*\)$/  {"\1", (void *) \&\1},/p'\'''
lt_cv_sys_global_symbol_to_c_name_address_lib_prefix='sed -n -e '\''s/^: \(.*\) .*$/  {"\1", (void *) 0},/p'\'' -e '\''s/^[ABCDGIRSTW][ABCDGIRSTW]* .* \(lib.*\)$/  {"\1", (void *) \&\1},/p'\'' -e '\''s/^[ABCDGIRSTW][ABCDGIRSTW]* .* \(.*\)$/  {"lib\1", (void *) \&\1},/p'\'''
lt_cv_sys_global_symbol_to_cdecl='sed -n -e '\''s/^T .* \(.*\)$/extern int \1();/p'\'' -e '\''s/^[ABCDGIRSTW][ABCDGIRSTW]* .* \(.*\)$/extern char \1;/p'\'''
lt_cv_sys_global_symbol_to_import=
lt_cv_sys_lib_search_path_spec=
lt_cv_sys_max_cmd_len=1572864
lt_cv_to_host_file_cmd=func_convert_file_noop
lt_cv_to_tool_file_cmd=func_convert_file_noop
lt_cv_truncate_bin='/usr/bin/dd bs=4096 count=1'

## ----------------- ##
## Output variables. ##
## ----------------- ##

ACLOCAL='${SHELL} '\''/home/jake/programming/repos/cuoc_cho_am/build/sw/vm/build/alsa-lib-1.2.11/missing'\'' aclocal-1.16'
ALSA_CONFIG_DIR='/usr/share/alsa'
ALSA_DEPLIBS='-lm -lpthread -lrt'
ALSA_PKGCONF_DIR='/usr/lib/pkgconfig'
ALSA_PLUGIN_DIR='/usr/lib/alsa-lib'
AMDEPBACKSLASH=''
AMDEP_FALSE=''
AMDEP_TRUE='#'
AMTAR='$${TAR-tar}'
AM_BACKSLASH='\'
AM_DEFAULT_V='$(AM_DEFAULT_VERBOSITY)'
AM_DEFAULT_VERBOSITY='0'
AM_V='$(V)'
AR='/home/jake/programming/repos/cuoc_cho_am/build/sw/vm/host/bin/x86_64-buildroot-linux-gnu-gcc-ar'
AUTOCONF='${SHELL} '\''/home/jake/programming/repos/cuoc_cho_am/build/sw/vm/build/alsa-lib-1.2.11/missing'\'' autoconf'
AUTOHEADER='${SHELL} '\''/home/jake/programming/repos/cuoc_cho_am/build/sw/vm/build/alsa-lib-1.2.11/missing'\'' autoheader'
AUTOMAKE='${SHELL} '\''/home/jake/programming/repos/cuoc_cho_am/build/sw/vm/build/alsa-lib-1.2.11/missing'\'' automake-1.16'
AWK='gawk'
BUILD_ALISP_FALSE=''
BUILD_ALISP_TRUE='#'
BUILD_CTL_PLUGIN_EXT_FALSE='#'
BUILD_CTL_PLUGIN_EXT_TRUE=''
BUILD_CTL_PLUGIN_FALSE='#'
BUILD_CTL_PLUGIN_REMAP_FALSE='#'
BUILD_CTL_PLUGIN_REMAP_TRUE=''
BUILD_CTL_PLUGIN_SHM_FALSE='#'
BUILD_CTL_PLUGIN_SHM_TRUE=''
BUILD_CTL_PLUGIN_TRUE=''
BUILD_HWDEP_FALSE='#'
BUILD_HWDEP_TRUE=''
BUILD_MIXER_FALSE='#'
BUILD_MIXER_MODULES_FALSE=''
BUILD_MIXER_MODULES_TRUE='#'
BUILD_MIXER_PYMODULES_FALSE=''
BUILD_MIXER_PYMODULES_TRUE='#'
BUILD_MIXER_TRUE=''
BUILD_MODULES_FALSE='#'
BUILD_MODULES_TRUE=''
BUILD_PCM_FALSE='#'
BUILD_PCM_PLUGIN_ADPCM_FALSE='#'
BUILD_PCM_PLUGIN_ADPCM_TRUE=''
BUILD_PCM_PLUGIN_ALAW_FALSE='#'
BUILD_PCM_PLUGIN_ALAW_TRUE=''
BUILD_PCM_PLUGIN_ASYM_FALSE='#'
BUILD_PCM_PLUGIN_ASYM_TRUE=''
BUILD_PCM_PLUGIN_COPY_FALSE='#'
BUILD_PCM_PLUGIN_COPY_TRUE=''
BUILD_PCM_PLUGIN_DMIX_FALSE='#'
BUILD_PCM_PLUGIN_DMIX_TRUE=''
BUILD_PCM_PLUGIN_DSHARE_FALSE='#'
BUILD_PCM_PLUGIN_DSHARE_TRUE=''
BUILD_PCM_PLUGIN_DSNOOP_FALSE='#'
BUILD_PCM_PLUGIN_DSNOOP_TRUE=''
BUILD_PCM_PLUGIN_EMPTY_FALSE='#'
BUILD_PCM_PLUGIN_EMPTY_TRUE=''
BUILD_PCM_PLUGIN_EXTPLUG_FALSE='#'
BUILD_PCM_PLUGIN_EXTPLUG_TRUE=''
BUILD_PCM_PLUGIN_FALSE='#'
BUILD_PCM_PLUGIN_FILE_FALSE='#'
BUILD_PCM_PLUGIN_FILE_TRUE=''
BUILD_PCM_PLUGIN_HOOKS_FALSE='#'
BUILD_PCM_PLUGIN_HOOKS_TRUE=''
BUILD_PCM_PLUGIN_IEC958_FALSE='#'
BUILD_PCM_PLUGIN_IEC958_TRUE=''
BUILD_PCM_PLUGIN_IOPLUG_FALSE='#'
BUILD_PCM_PLUGIN_IOPLUG_TRUE=''
BUILD_PCM_PLUGIN_LADSPA_FALSE='#'
BUILD_PCM_PLUGIN_LADSPA_TRUE=''
BUILD_PCM_PLUGIN_LFLOAT_FALSE='#'
BUILD_PCM_PLUGIN_LFLOAT_TRUE=''
BUILD_PCM_PLUGIN_LINEAR_FALSE='#'
BUILD_PCM_PLUGIN_LINEAR_TRUE=''
BUILD_PCM_PLUGIN_METER_FALSE='#'
BUILD_PCM_PLUGIN_METER_TRUE=''
BUILD_PCM_PLUGIN_MMAP_EMUL_FALSE='#'
BUILD_PCM_PLUGIN_MMAP_EMUL_TRUE=''
BUILD_PCM_PLUGIN_MULAW_FALSE='#'
BUILD_PCM_PLUGIN_MULAW_TRUE=''
BUILD_PCM_PLUGIN_MULTI_FALSE='#'
BUILD_PCM_PLUGIN_MULTI_TRUE=''
BUILD_PCM_PLUGIN_NULL_FALSE='#'
BUILD_PCM_PLUGIN_NULL_TRUE=''
BUILD_PCM_PLUGIN_PLUG_FALSE='#'
BUILD_PCM_PLUGIN_PLUG_TRUE=''
BUILD_PCM_PLUGIN_RATE_FALSE='#'
BUILD_PCM_PLUGIN_RATE_TRUE=''
BUILD_PCM_PLUGIN_ROUTE_FALSE='#'
BUILD_PCM_PLUGIN_ROUTE_TRUE=''
BUILD_PCM_PLUGIN_SHARE_FALSE='#'
BUILD_PCM_PLUGIN_SHARE_TRUE=''
BUILD_PCM_PLUGIN_SHM_FALSE='#'
BUILD_PCM_PLUGIN_SHM_TRUE=''
BUILD_PCM_PLUGIN_SOFTVOL_FALSE='#'
BUILD_PCM_PLUGIN_SOFTVOL_TRUE=''
BUILD_PCM_PLUGIN_TRUE=''
BUILD_PCM_TRUE=''
BUILD_RAWMIDI_FALSE='#'
BUILD_RAWMIDI_TRUE=''
BUILD_SEQ_FALSE='#'
BUILD_SEQ_TRUE=''
BUILD_TOPOLOGY_FALSE='#'
BUILD_TOPOLOGY_TRUE=''
BUILD_UCM_FALSE='#'
BUILD_UCM_TRUE=''
CC='/home/jake/programming/repos/cuoc_cho_am/build/sw/vm/host/bin/x86_64-buildroot-linux-gnu-gcc'
CCDEPMODE='depmode=none'
CFLAGS='-D_LARGEFILE_SOURCE -D_LARGEFILE64_SOURCE -D_FILE_OFFSET_BITS=64  -Og -g2 -D_FORTIFY_SOURCE=1'
CPP='/home/jake/programming/repos/cuoc_cho_am/build/sw/vm/host/bin/x86_64-buildroot-linux-gnu-cpp'
CPPFLAGS='-D_LARGEFILE_SOURCE -D_LARGEFILE64_SOURCE -D_FILE_OFFSET_BITS=64'
CSCOPE='cscope'
CTAGS='ctags'
CYGPATH_W='echo'
DEFS='-DHAVE_CONFIG_H'
DEPDIR='.deps'
DLLTOOL='false'
DSYMUTIL=''
DUMPBIN=''
ECHO_C=''
ECHO_N='-n'
ECHO_T=''
EGREP='/usr/bin/grep -E'
ETAGS='etags'
EXEEXT=''
FGREP='/usr/bin/grep -F'
GREP='/usr/bin/grep'
INSTALL_DATA='${INSTALL} -m 644'
INSTALL_M4_FALSE='#'
INSTALL_M4_TRUE=''
INSTALL_PROGRAM='${INSTALL}'
INSTALL_SCRIPT='${INSTALL}'
INSTALL_STRIP_PROGRAM='$(install_sh) -c -s'
KEEP_OLD_SYMBOLS_FALSE='#'
KEEP_OLD_SYMBOLS_TRUE=''
LD='/home/jake/programming/repos/cuoc_cho_am/build/sw/vm/host/bin/x86_64-buildroot-linux-gnu-ld -m elf_x86_64'
LDFLAGS=' -lm'
LDFLAGS_NOUNDEFINED='-Wl,-z,defs'
LIBOBJS=''
LIBS=''
LIBTOOL='$(SHELL) $(top_builddir)/libtool'
LIBTOOL_VERSION_INFO='2:0:0'
LIPO=''
LN_S='ln -s'
LTLIBOBJS=''
LT_SYS_LIBRARY_PATH=''
MAINT=''
MAINTAINER_MODE_FALSE='#'
MAINTAINER_MODE_TRUE=''
MAKEINFO='${SHELL} '\''/home/jake/programming/repos/cuoc_cho_am/build/sw/vm/build/alsa-lib-1.2.11/missing'\'' makeinfo'
MANIFEST_TOOL=':'
MKDIR_P='/usr/bin/mkdir -p'
NM='/home/jake/programming/repos/cuoc_cho_am/build/sw/vm/host/bin/x86_64-buildroot-linux-gnu-gcc-nm'
NMEDIT=''
OBJDUMP='/home/jake/programming/repos/cuoc_cho_am/build/sw/vm/host/bin/x86_64-buildroot-linux-gnu-objdump'
OBJEXT='o'
OTOOL64=''
OTOOL=''
PACKAGE='alsa-lib'
PACKAGE_BUGREPORT=''
PACKAGE_NAME='alsa-lib'
PACKAGE_STRING='alsa-lib 1.2.11'
PACKAGE_TARNAME='alsa-lib'
PACKAGE_URL=''
PACKAGE_VERSION='1.2.11'
PATH_SEPARATOR=':'
PYTHON_INCLUDES=''
PYTHON_LIBS=''
RANLIB='/home/jake/programming/repos/cuoc_cho_am/build/sw/vm/host/bin/x86_64-buildroot-linux-gnu-gcc-ranlib'
SED='/usr/bin/sed'
SET_MAKE=''
SHELL='/bin/sh'
SND_LIB_EXTRAVER='1000000'
SND_LIB_MAJOR='1'
SND_LIB_MINOR='2'
SND_LIB_SUBMINOR='11'
SND_LIB_VERSION='1.2.11'
STRIP='/bin/true'
SYMBOLIC_FUNCTIONS_FALSE=''
SYMBOLIC_FUNCTIONS_TRUE='#'
SYMBOL_PREFIX=''
VERSION='1.2.11'
VERSIONED_SYMBOLS_FALSE='#'
VERSIONED_SYMBOLS_TRUE=''
ac_ct_AR=''
ac_ct_CC=''
ac_ct_DUMPBIN=''
am__EXEEXT_FALSE=''
am__EXEEXT_TRUE='#'
am__fastdepCC_FALSE=''
am__fastdepCC_TRUE='#'
am__include='include'
am__isrc=''
am__leading_dot='.'
am__nodep=''
am__quote=''
am__tar='$${TAR-tar} chof - "$$tardir"'
am__untar='$${TAR-tar} xf -'
bindir='${exec_prefix}/bin'
build='x86_64-pc-linux-gnu'
build_alias='x86_64-pc-linux-gnu'
build_cpu='x86_64'
build_os='linux-gnu'
build_vendor='pc'
datadir='${datarootdir}'
datarootdir='${prefix}/share'
docdir='${datarootdir}/doc/${PACKAGE_TARNAME}'
dvidir='${docdir}'
exec_prefix='/usr'
host='x86_64-buildroot-linux-gnu'
host_alias='x86_64-buildroot-linux-gnu'
host_cpu='x86_64'
host_os='linux-gnu'
host_vendor='buildroot'
htmldir='${docdir}'
includedir='${prefix}/include'
infodir='${datarootdir}/info'
install_sh='${SHELL} /home/jake/programming/repos/cuoc_cho_am/build/sw/vm/build/alsa-lib-1.2.11/install-sh'
libdir='${exec_prefix}/lib'
libexecdir='${exec_prefix}/libexec'
localedir='${datarootdir}/locale'
localstatedir='/var'
mandir='${datarootdir}/man'
mkdir_p='$(MKDIR_P)'
oldincludedir='/usr/include'
pdfdir='${docdir}'
prefix='/usr'
program_transform_name='s&^&&'
psdir='${docdir}'
runstatedir='${localstatedir}/run'
sbindir='${exec_prefix}/sbin'
sharedstatedir='${prefix}/com'
sysconfdir='/etc'
target_alias='x86_64-buildroot-linux-gnu'

## ----------- ##
## confdefs.h. ##
## ----------- ##

/* confdefs.h */
#define PACKAGE_NAME "alsa-lib"
#define PACKAGE_TARNAME "alsa-lib"
#define PACKAGE_VERSION "1.2.11"
#define PACKAGE_STRING "alsa-lib 1.2.11"
#define PACKAGE_BUGREPORT ""
#define PACKAGE_URL ""
#define PACKAGE "alsa-lib"
#define VERSION "1.2.11"
#define HAVE_STDIO_H 1
#define HAVE_STDLIB_H 1
#define HAVE_STRING_H 1
#define HAVE_INTTYPES_H 1
#define HAVE_STDINT_H 1
#define HAVE_STRINGS_H 1
#define HAVE_SYS_STAT_H 1
#define HAVE_SYS_TYPES_H 1
#define HAVE_UNISTD_H 1
#define HAVE_WCHAR_H 1
#define HAVE_SYS_TIME_H 1
#define STDC_HEADERS 1
#define _ALL_SOURCE 1
#define _DARWIN_C_SOURCE 1
#define _GNU_SOURCE 1
#define _HPUX_ALT_XOPEN_SOCKET_API 1
#define _NETBSD_SOURCE 1
#define _OPENBSD_SOURCE 1
#define _POSIX_PTHREAD_SEMANTICS 1
#define __STDC_WANT_IEC_60559_ATTRIBS_EXT__ 1
#define __STDC_WANT_IEC_60559_BFP_EXT__ 1
#define __STDC_WANT_IEC_60559_DFP_EXT__ 1
#define __STDC_WANT_IEC_60559_EXT__ 1
#define __STDC_WANT_IEC_60559_FUNCS_EXT__ 1
#define __STDC_WANT_IEC_60559_TYPES_EXT__ 1
#define __STDC_WANT_LIB_EXT2__ 1
#define __STDC_WANT_MATH_SPEC_FUNCS__ 1
#define _TANDEM_SOURCE 1
#define __EXTENSIONS__ 1
#define HAVE_DLFCN_H 1
#define LT_OBJDIR ".libs/"
#define TIME_WITH_SYS_TIME 1
#define HAVE_ATTRIBUTE_SYMVER 1
#define HAVE_USELOCALE 1
#define HAVE_EACCESS 1
#define VERSION "1.2.11"
#define ALSA_CONFIG_DIR "/usr/share/alsa"
#define ALSA_PLUGIN_DIR "/usr/lib/alsa-lib"
#define ALSA_PKGCONF_DIR "/usr/lib/pkgconfig"
#define VERSIONED_SYMBOLS /**/
#define __SYMBOL_PREFIX ""
#define TMPDIR "/tmp"
#define HAVE_LFS 1
#define HAVE_LIBDL 1
#define HAVE_LIBPTHREAD 1
#define HAVE_PTHREAD_MUTEX_RECURSIVE /**/
#define HAVE___THREAD 1
#define HAVE_LIBRT 1
#define HAVE_CLOCK_GETTIME 1
#define HAVE_ENDIAN_H 1
#define HAVE_SYS_SHM_H 1
#define HAVE_MALLOC_H 1
#define SUPPORT_ALOAD "1"
#define ALSA_DEVICE_DIRECTORY "/dev/snd/"
#define ALOAD_DEVICE_DIRECTORY "/dev/"
#define BUILD_MIXER "1"
#define BUILD_PCM "1"
#define BUILD_RAWMIDI "1"
#define BUILD_HWDEP "1"
#define BUILD_SEQ "1"
#define BUILD_UCM "1"
#define BUILD_TOPOLOGY "1"
#define HAVE_MMX "1"
#define BUILD_PCM_PLUGIN_RATE "1"
#define BUILD_PCM_PLUGIN_ROUTE "1"
#define BUILD_PCM_PLUGIN_LFLOAT "1"
#define BUILD_PCM_PLUGIN_ADPCM "1"
#define BUILD_PCM_PLUGIN_MULAW "1"
#define BUILD_PCM_PLUGIN_ALAW "1"
#define BUILD_PCM_PLUGIN_MMAP_EMUL "1"
#define SND_MAX_CARDS 32
#define THREAD_SAFE_API "1"

configure: exit 0
